

*******************************************************************************
Mon Jul 10 11:45:32 2023


FIT:    data read from input skip 6 using 1  : (sqrt($2 ))
        format = x:z
        x range restricted to [0.600000 : 0.800000]
        #datapoints = 2000
        residuals are weighted equally (unit weight)

function used for fitting: f(x)
	f(x) = A * x + B
fitted parameters initialized with current variable values

iter      chisq       delta/lim  lambda   A             B            
   0 3.2412712762e-02   0.00e+00  7.09e-04    1.000000e-04  -1.000000e-03
   5 7.4344413814e-09  -1.97e-09  7.09e-09    1.124302e-02  -4.826698e-03

After 5 iterations the fit converged.
final sum of squares of residuals : 7.43444e-09
rel. change during last iteration : -1.96936e-14

degrees of freedom    (FIT_NDF)                        : 1998
rms of residuals      (FIT_STDFIT) = sqrt(WSSR/ndf)    : 1.92897e-06
variance of residuals (reduced chisquare) = WSSR/ndf   : 3.72094e-12

Final set of parameters            Asymptotic Standard Error
=======================            ==========================
A               = 0.011243         +/- 7.471e-07    (0.006645%)
B               = -0.0048267       +/- 5.248e-07    (0.01087%)

correlation matrix of the fit parameters:
                A      B      
A               1.000 
B              -0.997  1.000 


*******************************************************************************
Mon Jul 10 11:45:32 2023


FIT:    data read from input skip 6 using 3  : (sqrt($4 ))
        format = x:z
        x range restricted to [0.600000 : 0.800000]
        #datapoints = 2000
        residuals are weighted equally (unit weight)

function used for fitting: g(x)
	g(x) = C * x + D
fitted parameters initialized with current variable values

iter      chisq       delta/lim  lambda   C             D            
   0 1.3423547196e-02   0.00e+00  7.09e-04    1.000000e-04  -1.000000e-03
   5 2.8455017721e-08  -4.65e-11  7.09e-09    4.766103e-03  -1.689844e-03

After 5 iterations the fit converged.
final sum of squares of residuals : 2.8455e-08
rel. change during last iteration : -4.65116e-16

degrees of freedom    (FIT_NDF)                        : 1998
rms of residuals      (FIT_STDFIT) = sqrt(WSSR/ndf)    : 3.77382e-06
variance of residuals (reduced chisquare) = WSSR/ndf   : 1.42418e-11

Final set of parameters            Asymptotic Standard Error
=======================            ==========================
C               = 0.0047661        +/- 1.462e-06    (0.03067%)
D               = -0.00168984      +/- 1.027e-06    (0.06075%)

correlation matrix of the fit parameters:
                C      D      
C               1.000 
D              -0.997  1.000 


*******************************************************************************
Mon Jul 10 11:46:21 2023


FIT:    data read from input skip 6 using 1  : (sqrt($2 ))
        format = x:z
        x range restricted to [0.600000 : 0.800000]
        #datapoints = 2000
        residuals are weighted equally (unit weight)

function used for fitting: f(x)
	f(x) = A * x + B
fitted parameters initialized with current variable values

iter      chisq       delta/lim  lambda   A             B            
   0 3.2412712762e-02   0.00e+00  7.09e-04    1.000000e-04  -1.000000e-03
   5 7.4344413814e-09  -1.97e-09  7.09e-09    1.124302e-02  -4.826698e-03

After 5 iterations the fit converged.
final sum of squares of residuals : 7.43444e-09
rel. change during last iteration : -1.96936e-14

degrees of freedom    (FIT_NDF)                        : 1998
rms of residuals      (FIT_STDFIT) = sqrt(WSSR/ndf)    : 1.92897e-06
variance of residuals (reduced chisquare) = WSSR/ndf   : 3.72094e-12

Final set of parameters            Asymptotic Standard Error
=======================            ==========================
A               = 0.011243         +/- 7.471e-07    (0.006645%)
B               = -0.0048267       +/- 5.248e-07    (0.01087%)

correlation matrix of the fit parameters:
                A      B      
A               1.000 
B              -0.997  1.000 


*******************************************************************************
Mon Jul 10 11:46:21 2023


FIT:    data read from input skip 6 using 3  : (sqrt($4 ))
        format = x:z
        x range restricted to [0.600000 : 0.800000]
        #datapoints = 2000
        residuals are weighted equally (unit weight)

function used for fitting: g(x)
	g(x) = C * x + D
fitted parameters initialized with current variable values

iter      chisq       delta/lim  lambda   C             D            
   0 1.3423547196e-02   0.00e+00  7.09e-04    1.000000e-04  -1.000000e-03
   5 2.8455017721e-08  -4.65e-11  7.09e-09    4.766103e-03  -1.689844e-03

After 5 iterations the fit converged.
final sum of squares of residuals : 2.8455e-08
rel. change during last iteration : -4.65116e-16

degrees of freedom    (FIT_NDF)                        : 1998
rms of residuals      (FIT_STDFIT) = sqrt(WSSR/ndf)    : 3.77382e-06
variance of residuals (reduced chisquare) = WSSR/ndf   : 1.42418e-11

Final set of parameters            Asymptotic Standard Error
=======================            ==========================
C               = 0.0047661        +/- 1.462e-06    (0.03067%)
D               = -0.00168984      +/- 1.027e-06    (0.06075%)

correlation matrix of the fit parameters:
                C      D      
C               1.000 
D              -0.997  1.000 


*******************************************************************************
Mon Jul 10 11:47:43 2023


FIT:    data read from input skip 6 using 1  : (sqrt($2 ))
        format = x:z
        x range restricted to [0.600000 : 0.800000]
        #datapoints = 2000
        residuals are weighted equally (unit weight)

function used for fitting: f(x)
	f(x) = A * x + B
fitted parameters initialized with current variable values

iter      chisq       delta/lim  lambda   A             B            
   0 3.2412712762e-02   0.00e+00  7.09e-04    1.000000e-04  -1.000000e-03
   5 7.4344413814e-09  -1.97e-09  7.09e-09    1.124302e-02  -4.826698e-03

After 5 iterations the fit converged.
final sum of squares of residuals : 7.43444e-09
rel. change during last iteration : -1.96936e-14

degrees of freedom    (FIT_NDF)                        : 1998
rms of residuals      (FIT_STDFIT) = sqrt(WSSR/ndf)    : 1.92897e-06
variance of residuals (reduced chisquare) = WSSR/ndf   : 3.72094e-12

Final set of parameters            Asymptotic Standard Error
=======================            ==========================
A               = 0.011243         +/- 7.471e-07    (0.006645%)
B               = -0.0048267       +/- 5.248e-07    (0.01087%)

correlation matrix of the fit parameters:
                A      B      
A               1.000 
B              -0.997  1.000 


*******************************************************************************
Mon Jul 10 11:47:43 2023


FIT:    data read from input skip 6 using 3  : (sqrt($4 ))
        format = x:z
        x range restricted to [0.600000 : 0.800000]
        #datapoints = 2000
        residuals are weighted equally (unit weight)

function used for fitting: g(x)
	g(x) = C * x + D
fitted parameters initialized with current variable values

iter      chisq       delta/lim  lambda   C             D            
   0 1.3423547196e-02   0.00e+00  7.09e-04    1.000000e-04  -1.000000e-03
   5 2.8455017721e-08  -4.65e-11  7.09e-09    4.766103e-03  -1.689844e-03

After 5 iterations the fit converged.
final sum of squares of residuals : 2.8455e-08
rel. change during last iteration : -4.65116e-16

degrees of freedom    (FIT_NDF)                        : 1998
rms of residuals      (FIT_STDFIT) = sqrt(WSSR/ndf)    : 3.77382e-06
variance of residuals (reduced chisquare) = WSSR/ndf   : 1.42418e-11

Final set of parameters            Asymptotic Standard Error
=======================            ==========================
C               = 0.0047661        +/- 1.462e-06    (0.03067%)
D               = -0.00168984      +/- 1.027e-06    (0.06075%)

correlation matrix of the fit parameters:
                C      D      
C               1.000 
D              -0.997  1.000 


*******************************************************************************
Mon Jul 10 11:48:58 2023


FIT:    data read from input skip 6 using 1  : (sqrt($2 ))
        format = x:z
        x range restricted to [0.600000 : 0.800000]
        #datapoints = 2000
        residuals are weighted equally (unit weight)

function used for fitting: f(x)
	f(x) = A * x + B
fitted parameters initialized with current variable values

iter      chisq       delta/lim  lambda   A             B            
   0 3.2412712762e-02   0.00e+00  7.09e-04    1.000000e-04  -1.000000e-03
   5 7.4344413814e-09  -1.97e-09  7.09e-09    1.124302e-02  -4.826698e-03

After 5 iterations the fit converged.
final sum of squares of residuals : 7.43444e-09
rel. change during last iteration : -1.96936e-14

degrees of freedom    (FIT_NDF)                        : 1998
rms of residuals      (FIT_STDFIT) = sqrt(WSSR/ndf)    : 1.92897e-06
variance of residuals (reduced chisquare) = WSSR/ndf   : 3.72094e-12

Final set of parameters            Asymptotic Standard Error
=======================            ==========================
A               = 0.011243         +/- 7.471e-07    (0.006645%)
B               = -0.0048267       +/- 5.248e-07    (0.01087%)

correlation matrix of the fit parameters:
                A      B      
A               1.000 
B              -0.997  1.000 


*******************************************************************************
Mon Jul 10 11:48:58 2023


FIT:    data read from input skip 6 using 3  : (sqrt($4 ))
        format = x:z
        x range restricted to [0.600000 : 0.800000]
        #datapoints = 2000
        residuals are weighted equally (unit weight)

function used for fitting: g(x)
	g(x) = C * x + D
fitted parameters initialized with current variable values

iter      chisq       delta/lim  lambda   C             D            
   0 1.3423547196e-02   0.00e+00  7.09e-04    1.000000e-04  -1.000000e-03
   5 2.8455017721e-08  -4.65e-11  7.09e-09    4.766103e-03  -1.689844e-03

After 5 iterations the fit converged.
final sum of squares of residuals : 2.8455e-08
rel. change during last iteration : -4.65116e-16

degrees of freedom    (FIT_NDF)                        : 1998
rms of residuals      (FIT_STDFIT) = sqrt(WSSR/ndf)    : 3.77382e-06
variance of residuals (reduced chisquare) = WSSR/ndf   : 1.42418e-11

Final set of parameters            Asymptotic Standard Error
=======================            ==========================
C               = 0.0047661        +/- 1.462e-06    (0.03067%)
D               = -0.00168984      +/- 1.027e-06    (0.06075%)

correlation matrix of the fit parameters:
                C      D      
C               1.000 
D              -0.997  1.000 


*******************************************************************************
Mon Jul 10 11:50:50 2023


FIT:    data read from input skip 6 using 1  : (sqrt($2 ))
        format = x:z
        x range restricted to [0.700000 : 1.00000]
        #datapoints = 3000
        residuals are weighted equally (unit weight)

function used for fitting: f(x)
	f(x) = A * x + B
fitted parameters initialized with current variable values

iter      chisq       delta/lim  lambda   A             B            
   0 9.7198357205e-02   0.00e+00  7.10e-04    1.000000e-04  -1.000000e-03
   4 5.2430151931e-07  -5.85e-03  7.10e-08    1.086653e-02  -4.536936e-03

After 4 iterations the fit converged.
final sum of squares of residuals : 5.24302e-07
rel. change during last iteration : -5.84521e-08

degrees of freedom    (FIT_NDF)                        : 2998
rms of residuals      (FIT_STDFIT) = sqrt(WSSR/ndf)    : 1.32244e-05
variance of residuals (reduced chisquare) = WSSR/ndf   : 1.74884e-10

Final set of parameters            Asymptotic Standard Error
=======================            ==========================
A               = 0.0108665        +/- 2.788e-06    (0.02566%)
B               = -0.00453694      +/- 2.382e-06    (0.05251%)

correlation matrix of the fit parameters:
                A      B      
A               1.000 
B              -0.995  1.000 


*******************************************************************************
Mon Jul 10 11:50:50 2023


FIT:    data read from input skip 6 using 3  : (sqrt($4 ))
        format = x:z
        x range restricted to [0.700000 : 1.00000]
        #datapoints = 3000
        residuals are weighted equally (unit weight)

function used for fitting: g(x)
	g(x) = C * x + D
fitted parameters initialized with current variable values

iter      chisq       delta/lim  lambda   C             D            
   0 3.2233131190e-02   0.00e+00  7.10e-04    1.000000e-04  -1.000000e-03
   4 2.8946188245e-08  -1.79e-02  7.10e-08    4.540040e-03  -1.519027e-03

After 4 iterations the fit converged.
final sum of squares of residuals : 2.89462e-08
rel. change during last iteration : -1.79413e-07

degrees of freedom    (FIT_NDF)                        : 2998
rms of residuals      (FIT_STDFIT) = sqrt(WSSR/ndf)    : 3.10728e-06
variance of residuals (reduced chisquare) = WSSR/ndf   : 9.65517e-12

Final set of parameters            Asymptotic Standard Error
=======================            ==========================
C               = 0.00454004       +/- 6.551e-07    (0.01443%)
D               = -0.00151903      +/- 5.597e-07    (0.03685%)

correlation matrix of the fit parameters:
                C      D      
C               1.000 
D              -0.995  1.000 


*******************************************************************************
Mon Jul 10 11:51:15 2023


FIT:    data read from input skip 6 using 1  : (sqrt($2 ))
        format = x:z
        x range restricted to [0.700000 : 1.00000]
        #datapoints = 3000
        residuals are weighted equally (unit weight)

function used for fitting: f(x)
	f(x) = A * x + B
fitted parameters initialized with current variable values

iter      chisq       delta/lim  lambda   A             B            
   0 9.7198357205e-02   0.00e+00  7.10e-04    1.000000e-04  -1.000000e-03
   4 5.2430151931e-07  -5.85e-03  7.10e-08    1.086653e-02  -4.536936e-03

After 4 iterations the fit converged.
final sum of squares of residuals : 5.24302e-07
rel. change during last iteration : -5.84521e-08

degrees of freedom    (FIT_NDF)                        : 2998
rms of residuals      (FIT_STDFIT) = sqrt(WSSR/ndf)    : 1.32244e-05
variance of residuals (reduced chisquare) = WSSR/ndf   : 1.74884e-10

Final set of parameters            Asymptotic Standard Error
=======================            ==========================
A               = 0.0108665        +/- 2.788e-06    (0.02566%)
B               = -0.00453694      +/- 2.382e-06    (0.05251%)

correlation matrix of the fit parameters:
                A      B      
A               1.000 
B              -0.995  1.000 


*******************************************************************************
Mon Jul 10 11:51:15 2023


FIT:    data read from input skip 6 using 3  : (sqrt($4 ))
        format = x:z
        x range restricted to [0.700000 : 1.00000]
        #datapoints = 3000
        residuals are weighted equally (unit weight)

function used for fitting: g(x)
	g(x) = C * x + D
fitted parameters initialized with current variable values

iter      chisq       delta/lim  lambda   C             D            
   0 3.2233131190e-02   0.00e+00  7.10e-04    1.000000e-04  -1.000000e-03
   4 2.8946188245e-08  -1.79e-02  7.10e-08    4.540040e-03  -1.519027e-03

After 4 iterations the fit converged.
final sum of squares of residuals : 2.89462e-08
rel. change during last iteration : -1.79413e-07

degrees of freedom    (FIT_NDF)                        : 2998
rms of residuals      (FIT_STDFIT) = sqrt(WSSR/ndf)    : 3.10728e-06
variance of residuals (reduced chisquare) = WSSR/ndf   : 9.65517e-12

Final set of parameters            Asymptotic Standard Error
=======================            ==========================
C               = 0.00454004       +/- 6.551e-07    (0.01443%)
D               = -0.00151903      +/- 5.597e-07    (0.03685%)

correlation matrix of the fit parameters:
                C      D      
C               1.000 
D              -0.995  1.000 


*******************************************************************************
Mon Jul 10 11:51:58 2023


FIT:    data read from input skip 6 using 1  : (sqrt($2 ))
        format = x:z
        x range restricted to [0.700000 : 1.00000]
        #datapoints = 3000
        residuals are weighted equally (unit weight)

function used for fitting: f(x)
	f(x) = A * x + B
fitted parameters initialized with current variable values

iter      chisq       delta/lim  lambda   A             B            
   0 9.7198357205e-02   0.00e+00  7.10e-04    1.000000e-04  -1.000000e-03
   4 5.2430151931e-07  -5.85e-03  7.10e-08    1.086653e-02  -4.536936e-03

After 4 iterations the fit converged.
final sum of squares of residuals : 5.24302e-07
rel. change during last iteration : -5.84521e-08

degrees of freedom    (FIT_NDF)                        : 2998
rms of residuals      (FIT_STDFIT) = sqrt(WSSR/ndf)    : 1.32244e-05
variance of residuals (reduced chisquare) = WSSR/ndf   : 1.74884e-10

Final set of parameters            Asymptotic Standard Error
=======================            ==========================
A               = 0.0108665        +/- 2.788e-06    (0.02566%)
B               = -0.00453694      +/- 2.382e-06    (0.05251%)

correlation matrix of the fit parameters:
                A      B      
A               1.000 
B              -0.995  1.000 


*******************************************************************************
Mon Jul 10 11:51:58 2023


FIT:    data read from input skip 6 using 3  : (sqrt($4 ))
        format = x:z
        x range restricted to [0.700000 : 1.00000]
        #datapoints = 3000
        residuals are weighted equally (unit weight)

function used for fitting: g(x)
	g(x) = C * x + D
fitted parameters initialized with current variable values

iter      chisq       delta/lim  lambda   C             D            
   0 3.2233131190e-02   0.00e+00  7.10e-04    1.000000e-04  -1.000000e-03
   4 2.8946188245e-08  -1.79e-02  7.10e-08    4.540040e-03  -1.519027e-03

After 4 iterations the fit converged.
final sum of squares of residuals : 2.89462e-08
rel. change during last iteration : -1.79413e-07

degrees of freedom    (FIT_NDF)                        : 2998
rms of residuals      (FIT_STDFIT) = sqrt(WSSR/ndf)    : 3.10728e-06
variance of residuals (reduced chisquare) = WSSR/ndf   : 9.65517e-12

Final set of parameters            Asymptotic Standard Error
=======================            ==========================
C               = 0.00454004       +/- 6.551e-07    (0.01443%)
D               = -0.00151903      +/- 5.597e-07    (0.03685%)

correlation matrix of the fit parameters:
                C      D      
C               1.000 
D              -0.995  1.000 


*******************************************************************************
Mon Jul 10 11:52:43 2023


FIT:    data read from input skip 6 using 1  : (sqrt($2 ))
        format = x:z
        x range restricted to [0.700000 : 1.00000]
        #datapoints = 3000
        residuals are weighted equally (unit weight)

function used for fitting: f(x)
	f(x) = A * x + B
fitted parameters initialized with current variable values

iter      chisq       delta/lim  lambda   A             B            
   0 9.7198357205e-02   0.00e+00  7.10e-04    1.000000e-04  -1.000000e-03
   4 5.2430151931e-07  -5.85e-03  7.10e-08    1.086653e-02  -4.536936e-03

After 4 iterations the fit converged.
final sum of squares of residuals : 5.24302e-07
rel. change during last iteration : -5.84521e-08

degrees of freedom    (FIT_NDF)                        : 2998
rms of residuals      (FIT_STDFIT) = sqrt(WSSR/ndf)    : 1.32244e-05
variance of residuals (reduced chisquare) = WSSR/ndf   : 1.74884e-10

Final set of parameters            Asymptotic Standard Error
=======================            ==========================
A               = 0.0108665        +/- 2.788e-06    (0.02566%)
B               = -0.00453694      +/- 2.382e-06    (0.05251%)

correlation matrix of the fit parameters:
                A      B      
A               1.000 
B              -0.995  1.000 


*******************************************************************************
Mon Jul 10 11:52:43 2023


FIT:    data read from input skip 6 using 3  : (sqrt($4 ))
        format = x:z
        x range restricted to [0.700000 : 1.00000]
        #datapoints = 3000
        residuals are weighted equally (unit weight)

function used for fitting: g(x)
	g(x) = C * x + D
fitted parameters initialized with current variable values

iter      chisq       delta/lim  lambda   C             D            
   0 3.2233131190e-02   0.00e+00  7.10e-04    1.000000e-04  -1.000000e-03
   4 2.8946188245e-08  -1.79e-02  7.10e-08    4.540040e-03  -1.519027e-03

After 4 iterations the fit converged.
final sum of squares of residuals : 2.89462e-08
rel. change during last iteration : -1.79413e-07

degrees of freedom    (FIT_NDF)                        : 2998
rms of residuals      (FIT_STDFIT) = sqrt(WSSR/ndf)    : 3.10728e-06
variance of residuals (reduced chisquare) = WSSR/ndf   : 9.65517e-12

Final set of parameters            Asymptotic Standard Error
=======================            ==========================
C               = 0.00454004       +/- 6.551e-07    (0.01443%)
D               = -0.00151903      +/- 5.597e-07    (0.03685%)

correlation matrix of the fit parameters:
                C      D      
C               1.000 
D              -0.995  1.000 


*******************************************************************************
Mon Jul 10 11:53:26 2023


FIT:    data read from input skip 6 using 1  : (sqrt($2 ))
        format = x:z
        x range restricted to [0.700000 : 1.00000]
        #datapoints = 3000
        residuals are weighted equally (unit weight)

function used for fitting: f(x)
	f(x) = A * x + B
fitted parameters initialized with current variable values

iter      chisq       delta/lim  lambda   A             B            
   0 9.7198357205e-02   0.00e+00  7.10e-04    1.000000e-04  -1.000000e-03
   4 5.2430151931e-07  -5.85e-03  7.10e-08    1.086653e-02  -4.536936e-03

After 4 iterations the fit converged.
final sum of squares of residuals : 5.24302e-07
rel. change during last iteration : -5.84521e-08

degrees of freedom    (FIT_NDF)                        : 2998
rms of residuals      (FIT_STDFIT) = sqrt(WSSR/ndf)    : 1.32244e-05
variance of residuals (reduced chisquare) = WSSR/ndf   : 1.74884e-10

Final set of parameters            Asymptotic Standard Error
=======================            ==========================
A               = 0.0108665        +/- 2.788e-06    (0.02566%)
B               = -0.00453694      +/- 2.382e-06    (0.05251%)

correlation matrix of the fit parameters:
                A      B      
A               1.000 
B              -0.995  1.000 


*******************************************************************************
Mon Jul 10 11:53:26 2023


FIT:    data read from input skip 6 using 3  : (sqrt($4 ))
        format = x:z
        x range restricted to [0.700000 : 1.00000]
        #datapoints = 3000
        residuals are weighted equally (unit weight)

function used for fitting: g(x)
	g(x) = C * x + D
fitted parameters initialized with current variable values

iter      chisq       delta/lim  lambda   C             D            
   0 3.2233131190e-02   0.00e+00  7.10e-04    1.000000e-04  -1.000000e-03
   4 2.8946188245e-08  -1.79e-02  7.10e-08    4.540040e-03  -1.519027e-03

After 4 iterations the fit converged.
final sum of squares of residuals : 2.89462e-08
rel. change during last iteration : -1.79413e-07

degrees of freedom    (FIT_NDF)                        : 2998
rms of residuals      (FIT_STDFIT) = sqrt(WSSR/ndf)    : 3.10728e-06
variance of residuals (reduced chisquare) = WSSR/ndf   : 9.65517e-12

Final set of parameters            Asymptotic Standard Error
=======================            ==========================
C               = 0.00454004       +/- 6.551e-07    (0.01443%)
D               = -0.00151903      +/- 5.597e-07    (0.03685%)

correlation matrix of the fit parameters:
                C      D      
C               1.000 
D              -0.995  1.000 


*******************************************************************************
Mon Jul 10 11:54:06 2023


FIT:    data read from input skip 6 using 1  : (sqrt($2 ))
        format = x:z
        x range restricted to [0.700000 : 1.00000]
        #datapoints = 3000
        residuals are weighted equally (unit weight)

function used for fitting: f(x)
	f(x) = A * x + B
fitted parameters initialized with current variable values

iter      chisq       delta/lim  lambda   A             B            
   0 9.7198357205e-02   0.00e+00  7.10e-04    1.000000e-04  -1.000000e-03
   4 5.2430151931e-07  -5.85e-03  7.10e-08    1.086653e-02  -4.536936e-03

After 4 iterations the fit converged.
final sum of squares of residuals : 5.24302e-07
rel. change during last iteration : -5.84521e-08

degrees of freedom    (FIT_NDF)                        : 2998
rms of residuals      (FIT_STDFIT) = sqrt(WSSR/ndf)    : 1.32244e-05
variance of residuals (reduced chisquare) = WSSR/ndf   : 1.74884e-10

Final set of parameters            Asymptotic Standard Error
=======================            ==========================
A               = 0.0108665        +/- 2.788e-06    (0.02566%)
B               = -0.00453694      +/- 2.382e-06    (0.05251%)

correlation matrix of the fit parameters:
                A      B      
A               1.000 
B              -0.995  1.000 


*******************************************************************************
Mon Jul 10 11:54:06 2023


FIT:    data read from input skip 6 using 3  : (sqrt($4 ))
        format = x:z
        x range restricted to [0.700000 : 1.00000]
        #datapoints = 3000
        residuals are weighted equally (unit weight)

function used for fitting: g(x)
	g(x) = C * x + D
fitted parameters initialized with current variable values

iter      chisq       delta/lim  lambda   C             D            
   0 3.2233131190e-02   0.00e+00  7.10e-04    1.000000e-04  -1.000000e-03
   4 2.8946188245e-08  -1.79e-02  7.10e-08    4.540040e-03  -1.519027e-03

After 4 iterations the fit converged.
final sum of squares of residuals : 2.89462e-08
rel. change during last iteration : -1.79413e-07

degrees of freedom    (FIT_NDF)                        : 2998
rms of residuals      (FIT_STDFIT) = sqrt(WSSR/ndf)    : 3.10728e-06
variance of residuals (reduced chisquare) = WSSR/ndf   : 9.65517e-12

Final set of parameters            Asymptotic Standard Error
=======================            ==========================
C               = 0.00454004       +/- 6.551e-07    (0.01443%)
D               = -0.00151903      +/- 5.597e-07    (0.03685%)

correlation matrix of the fit parameters:
                C      D      
C               1.000 
D              -0.995  1.000 


*******************************************************************************
Mon Jul 10 12:05:17 2023


FIT:    data read from input skip 6 using 1  : (($2 ))
        format = x:z
        x range restricted to [0.690000 : 0.710000]
        #datapoints = 201
        residuals are weighted equally (unit weight)

function used for fitting: f(x)
	f(x) = A * x + B
fitted parameters initialized with current variable values

iter      chisq       delta/lim  lambda   A             B            
   0 2.0052722603e-04   0.00e+00  7.09e-04    1.000000e-04  -1.000000e-03
   6 7.4918334370e-15  -1.06e-04  7.09e-10    2.542056e-04  -1.091211e-04

After 6 iterations the fit converged.
final sum of squares of residuals : 7.49183e-15
rel. change during last iteration : -1.06264e-09

degrees of freedom    (FIT_NDF)                        : 199
rms of residuals      (FIT_STDFIT) = sqrt(WSSR/ndf)    : 6.13575e-09
variance of residuals (reduced chisquare) = WSSR/ndf   : 3.76474e-17

Final set of parameters            Asymptotic Standard Error
=======================            ==========================
A               = 0.000254206      +/- 7.459e-08    (0.02934%)
B               = -0.000109121     +/- 5.221e-08    (0.04785%)

correlation matrix of the fit parameters:
                A      B      
A               1.000 
B              -1.000  1.000 


*******************************************************************************
Mon Jul 10 12:05:17 2023


FIT:    data read from input skip 6 using 1  : (($3 ))
        format = x:z
        x range restricted to [0.690000 : 0.710000]
        #datapoints = 201
        residuals are weighted equally (unit weight)

function used for fitting: g(x)
	g(x) = C * x + D
fitted parameters initialized with current variable values

iter      chisq       delta/lim  lambda   C             D            
   0 1.7975411115e-04   0.00e+00  7.09e-04    1.000000e-04  -1.000000e-03
   6 3.5905236386e-18  -4.97e-02  7.09e-10    3.691087e-05  -1.016382e-05

After 6 iterations the fit converged.
final sum of squares of residuals : 3.59052e-18
rel. change during last iteration : -4.96561e-07

degrees of freedom    (FIT_NDF)                        : 199
rms of residuals      (FIT_STDFIT) = sqrt(WSSR/ndf)    : 1.34324e-10
variance of residuals (reduced chisquare) = WSSR/ndf   : 1.80428e-20

Final set of parameters            Asymptotic Standard Error
=======================            ==========================
C               = 3.69109e-05      +/- 1.633e-09    (0.004424%)
D               = -1.01638e-05     +/- 1.143e-09    (0.01125%)

correlation matrix of the fit parameters:
                C      D      
C               1.000 
D              -1.000  1.000 


*******************************************************************************
Mon Jul 10 12:05:35 2023


FIT:    data read from input skip 6 using 1  : (($2 ))
        format = x:z
        x range restricted to [0.690000 : 0.710000]
        #datapoints = 201
        residuals are weighted equally (unit weight)

function used for fitting: f(x)
	f(x) = A * x + B
fitted parameters initialized with current variable values

iter      chisq       delta/lim  lambda   A             B            
   0 2.0052722603e-04   0.00e+00  7.09e-04    1.000000e-04  -1.000000e-03
   6 7.4918334370e-15  -1.06e-04  7.09e-10    2.542056e-04  -1.091211e-04

After 6 iterations the fit converged.
final sum of squares of residuals : 7.49183e-15
rel. change during last iteration : -1.06264e-09

degrees of freedom    (FIT_NDF)                        : 199
rms of residuals      (FIT_STDFIT) = sqrt(WSSR/ndf)    : 6.13575e-09
variance of residuals (reduced chisquare) = WSSR/ndf   : 3.76474e-17

Final set of parameters            Asymptotic Standard Error
=======================            ==========================
A               = 0.000254206      +/- 7.459e-08    (0.02934%)
B               = -0.000109121     +/- 5.221e-08    (0.04785%)

correlation matrix of the fit parameters:
                A      B      
A               1.000 
B              -1.000  1.000 


*******************************************************************************
Mon Jul 10 12:05:35 2023


FIT:    data read from input skip 6 using 1  : (($3 ))
        format = x:z
        x range restricted to [0.690000 : 0.710000]
        #datapoints = 201
        residuals are weighted equally (unit weight)

function used for fitting: g(x)
	g(x) = C * x + D
fitted parameters initialized with current variable values

iter      chisq       delta/lim  lambda   C             D            
   0 1.7975411115e-04   0.00e+00  7.09e-04    1.000000e-04  -1.000000e-03
   6 3.5905236386e-18  -4.97e-02  7.09e-10    3.691087e-05  -1.016382e-05

After 6 iterations the fit converged.
final sum of squares of residuals : 3.59052e-18
rel. change during last iteration : -4.96561e-07

degrees of freedom    (FIT_NDF)                        : 199
rms of residuals      (FIT_STDFIT) = sqrt(WSSR/ndf)    : 1.34324e-10
variance of residuals (reduced chisquare) = WSSR/ndf   : 1.80428e-20

Final set of parameters            Asymptotic Standard Error
=======================            ==========================
C               = 3.69109e-05      +/- 1.633e-09    (0.004424%)
D               = -1.01638e-05     +/- 1.143e-09    (0.01125%)

correlation matrix of the fit parameters:
                C      D      
C               1.000 
D              -1.000  1.000 


*******************************************************************************
Mon Jul 10 12:05:48 2023


FIT:    data read from input skip 6 using 1  : (($2 ))
        format = x:z
        x range restricted to [0.690000 : 0.710000]
        #datapoints = 201
        residuals are weighted equally (unit weight)

function used for fitting: f(x)
	f(x) = A * x + B
fitted parameters initialized with current variable values

iter      chisq       delta/lim  lambda   A             B            
   0 2.0052722603e-04   0.00e+00  7.09e-04    1.000000e-04  -1.000000e-03
   6 7.4918334370e-15  -1.06e-04  7.09e-10    2.542056e-04  -1.091211e-04

After 6 iterations the fit converged.
final sum of squares of residuals : 7.49183e-15
rel. change during last iteration : -1.06264e-09

degrees of freedom    (FIT_NDF)                        : 199
rms of residuals      (FIT_STDFIT) = sqrt(WSSR/ndf)    : 6.13575e-09
variance of residuals (reduced chisquare) = WSSR/ndf   : 3.76474e-17

Final set of parameters            Asymptotic Standard Error
=======================            ==========================
A               = 0.000254206      +/- 7.459e-08    (0.02934%)
B               = -0.000109121     +/- 5.221e-08    (0.04785%)

correlation matrix of the fit parameters:
                A      B      
A               1.000 
B              -1.000  1.000 


*******************************************************************************
Mon Jul 10 12:05:48 2023


FIT:    data read from input skip 6 using 1  : (($3 ))
        format = x:z
        x range restricted to [0.690000 : 0.710000]
        #datapoints = 201
        residuals are weighted equally (unit weight)

function used for fitting: g(x)
	g(x) = C * x + D
fitted parameters initialized with current variable values

iter      chisq       delta/lim  lambda   C             D            
   0 1.7975411115e-04   0.00e+00  7.09e-04    1.000000e-04  -1.000000e-03
   6 3.5905236386e-18  -4.97e-02  7.09e-10    3.691087e-05  -1.016382e-05

After 6 iterations the fit converged.
final sum of squares of residuals : 3.59052e-18
rel. change during last iteration : -4.96561e-07

degrees of freedom    (FIT_NDF)                        : 199
rms of residuals      (FIT_STDFIT) = sqrt(WSSR/ndf)    : 1.34324e-10
variance of residuals (reduced chisquare) = WSSR/ndf   : 1.80428e-20

Final set of parameters            Asymptotic Standard Error
=======================            ==========================
C               = 3.69109e-05      +/- 1.633e-09    (0.004424%)
D               = -1.01638e-05     +/- 1.143e-09    (0.01125%)

correlation matrix of the fit parameters:
                C      D      
C               1.000 
D              -1.000  1.000 
