This is e-pTeX, Version 3.14159265-p3.7.2-170924-2.6 (utf8.sjis) (TeX Live 2017/W32TeX) (preloaded format=platex 2017.12.1)  24 FEB 2020 22:18
entering extended mode
 restricted \write18 enabled.
 %&-line parsing enabled.
**./thesis.tex
(./thesis.tex
pLaTeX2e <2017/10/28>+2 (based on LaTeX2e <2017-04-15>)
Babel <3.15> and hyphenation patterns for 84 language(s) loaded.
(c:/w32tex/share/texmf-dist/tex/platex/base/jreport.cls
Document Class: jreport 2017/09/19 v1.7g Standard pLaTeX class
\c@@paper=\count82
(c:/w32tex/share/texmf-dist/tex/platex/base/jsize12.clo
File: jsize12.clo 2017/09/19 v1.7g Standard pLaTeX file (size option)
)
\c@part=\count83
\c@chapter=\count84
\c@section=\count85
\c@subsection=\count86
\c@subsubsection=\count87
\c@paragraph=\count88
\c@subparagraph=\count89
\c@figure=\count90
\c@table=\count91
\abovecaptionskip=\skip41
\belowcaptionskip=\skip42
\symmincho=\mathgroup4
LaTeX Font Info:    Overwriting symbol font `mincho' in version `bold'
(Font)                  JY1/mc/m/n --> JY1/gt/m/n on input line 702.
\toclineskip=\dimen118
\@lnumwidth=\dimen119
\bibindent=\dimen120
\heisei=\count92
) (./wadakensoturon.sty (c:/w32tex/share/texmf-dist/tex/latex/setspace/setspace
.sty
Package: setspace 2011/12/19 v6.7a set line spacing
)
(c:/w32tex/share/texmf-dist/tex/latex/fancyhdr/fancyhdr.sty
Package: fancyhdr 2017/06/30 v3.9a Extensive control of page headers and footer
s
\f@nch@headwidth=\skip43
\f@nch@O@elh=\skip44
\f@nch@O@erh=\skip45
\f@nch@O@olh=\skip46
\f@nch@O@orh=\skip47
\f@nch@O@elf=\skip48
\f@nch@O@erf=\skip49
\f@nch@O@olf=\skip50
\f@nch@O@orf=\skip51
))
(c:/w32tex/share/texmf-dist/tex/latex/graphics/graphicx.sty
Package: graphicx 2017/06/01 v1.1a Enhanced LaTeX Graphics (DPC,SPQR)

(c:/w32tex/share/texmf-dist/tex/latex/graphics/keyval.sty
Package: keyval 2014/10/28 v1.15 key=value parser (DPC)
\KV@toks@=\toks15
)
(c:/w32tex/share/texmf-dist/tex/latex/graphics/graphics.sty
Package: graphics 2017/06/25 v1.2c Standard LaTeX Graphics (DPC,SPQR)

(c:/w32tex/share/texmf-dist/tex/latex/graphics/trig.sty
Package: trig 2016/01/03 v1.10 sin cos tan (DPC)
)
(c:/w32tex/share/texmf-dist/tex/latex/graphics-cfg/graphics.cfg
File: graphics.cfg 2016/06/04 v1.11 sample graphics configuration
)
Package graphics Info: Driver file: dvipdfmx.def on input line 99.

(c:/w32tex/share/texmf-dist/tex/latex/graphics-def/dvipdfmx.def
File: dvipdfmx.def 2017/06/24 v5.0g Graphics/color driver for dvipdfmx
))
\Gin@req@height=\dimen121
\Gin@req@width=\dimen122
)
(c:/w32tex/share/texmf-dist/tex/latex/amsmath/amsmath.sty
Package: amsmath 2017/09/02 v2.17a AMS math features
\@mathmargin=\skip52

For additional information on amsmath, use the `?' option.
(c:/w32tex/share/texmf-dist/tex/latex/amsmath/amstext.sty
Package: amstext 2000/06/29 v2.01 AMS text

(c:/w32tex/share/texmf-dist/tex/latex/amsmath/amsgen.sty
File: amsgen.sty 1999/11/30 v2.0 generic functions
\@emptytoks=\toks16
\ex@=\dimen123
))
(c:/w32tex/share/texmf-dist/tex/latex/amsmath/amsbsy.sty
Package: amsbsy 1999/11/29 v1.2d Bold Symbols
\pmbraise@=\dimen124
)
(c:/w32tex/share/texmf-dist/tex/latex/amsmath/amsopn.sty
Package: amsopn 2016/03/08 v2.02 operator names
)
\inf@bad=\count93
LaTeX Info: Redefining \frac on input line 213.
\uproot@=\count94
\leftroot@=\count95
LaTeX Info: Redefining \overline on input line 375.
\classnum@=\count96
\DOTSCASE@=\count97
LaTeX Info: Redefining \ldots on input line 472.
LaTeX Info: Redefining \dots on input line 475.
LaTeX Info: Redefining \cdots on input line 596.
\Mathstrutbox@=\box42
\strutbox@=\box43
\big@size=\dimen125
LaTeX Font Info:    Redeclaring font encoding OML on input line 712.
LaTeX Font Info:    Redeclaring font encoding OMS on input line 713.
\macc@depth=\count98
\c@MaxMatrixCols=\count99
\dotsspace@=\muskip10
\c@parentequation=\count100
\dspbrk@lvl=\count101
\tag@help=\toks17
\row@=\count102
\column@=\count103
\maxfields@=\count104
\andhelp@=\toks18
\eqnshift@=\dimen126
\alignsep@=\dimen127
\tagshift@=\dimen128
\tagwidth@=\dimen129
\totwidth@=\dimen130
\lineht@=\dimen131
\@envbody=\toks19
\multlinegap=\skip53
\multlinetaggap=\skip54
\mathdisplay@stack=\toks20
LaTeX Info: Redefining \[ on input line 2817.
LaTeX Info: Redefining \] on input line 2818.
)
(c:/w32tex/share/texmf-dist/tex/latex/tools/array.sty
Package: array 2016/10/06 v2.4d Tabular extension package (FMi)
\col@sep=\dimen132
\extrarowheight=\dimen133
\NC@list=\toks21
\extratabsurround=\skip55
\backup@length=\skip56
)
(c:/w32tex/share/texmf-dist/tex/latex/booktabs/booktabs.sty
Package: booktabs 2016/04/27 v1.618033 publication quality tables
\heavyrulewidth=\dimen134
\lightrulewidth=\dimen135
\cmidrulewidth=\dimen136
\belowrulesep=\dimen137
\belowbottomsep=\dimen138
\aboverulesep=\dimen139
\abovetopsep=\dimen140
\cmidrulesep=\dimen141
\cmidrulekern=\dimen142
\defaultaddspace=\dimen143
\@cmidla=\count105
\@cmidlb=\count106
\@aboverulesep=\dimen144
\@belowrulesep=\dimen145
\@thisruleclass=\count107
\@lastruleclass=\count108
\@thisrulewidth=\dimen146
)
(c:/w32tex/share/texmf-dist/tex/latex/subfig/subfig.sty
Package: subfig 2005/06/28 ver: 1.3 subfig package

(c:/w32tex/share/texmf-dist/tex/latex/caption/caption.sty
Package: caption 2016/02/21 v3.3-144 Customizing captions (AR)

(c:/w32tex/share/texmf-dist/tex/latex/caption/caption3.sty
Package: caption3 2016/05/22 v1.7-166 caption3 kernel (AR)
Package caption3 Info: TeX engine: e-TeX on input line 67.
\captionmargin=\dimen147
\captionmargin@=\dimen148
\captionwidth=\dimen149
\caption@tempdima=\dimen150
\caption@indent=\dimen151
\caption@parindent=\dimen152
\caption@hangindent=\dimen153
Package caption Info: Unknown document class (or package),
(caption)             standard defaults will be used.
)

Package caption Warning: Unsupported document class (or package) detected,
(caption)                usage of the caption package is not recommended.
See the caption package documentation for explanation.

Package caption Info: \@makecaption = \long macro:#1#2->\vskip \abovecaptionski
p \iftdir \sbox \@tempboxa {#1\hskip 1zw#2}\else \sbox \@tempboxa {#1: #2}\fi \
ifdim \wd \@tempboxa >\hsize \iftdir #1\hskip 1zw#2\relax \par \else #1: #2\rel
ax \par \fi \else \global \@minipagefalse \hb@xt@ \hsize {\hfil \box \@tempboxa
 \hfil }\fi \vskip \belowcaptionskip .
\c@ContinuedFloat=\count109
)
\c@KVtest=\count110
\sf@farskip=\skip57
\sf@captopadj=\dimen154
\sf@capskip=\skip58
\sf@nearskip=\skip59
\c@subfigure=\count111
\c@subfigure@save=\count112
\c@lofdepth=\count113
\c@subtable=\count114
\c@subtable@save=\count115
\c@lotdepth=\count116
\sf@top=\skip60
\sf@bottom=\skip61
) (c:/w32tex/share/texmf-dist/tex/latex/multirow/multirow.sty
Package: multirow 2016/11/25 v2.2 Span multiple rows of a table
\multirow@colwidth=\skip62
\multirow@cntb=\count117
\multirow@dima=\skip63
\bigstrutjot=\dimen155
)
(c:/w32tex/share/texmf-dist/tex/latex/comment/comment.sty
\CommentStream=\write3

Excluding comment 'comment')
(c:/w32tex/share/texmf-dist/tex/latex/here/here.sty)
(c:/w32tex/share/texmf-dist/tex/latex/float/float.sty
Package: float 2001/11/08 v1.3d Float enhancements (AL)
\c@float@type=\count118
\float@exts=\toks22
\float@box=\box44
\@float@everytoks=\toks23
\@floatcapt=\box45
)
(c:/w32tex/share/texmf-dist/tex/latex/graphics/lscape.sty
Package: lscape 2000/10/22 v3.01 Landscape Pages (DPC)
)
(c:/w32tex/share/texmf-dist/tex/latex/cite/cite.sty
LaTeX Info: Redefining \cite on input line 302.
LaTeX Info: Redefining \nocite on input line 332.
Package: cite 2015/02/27  v 5.5
)
(c:/w32tex/share/texmf-dist/tex/latex/url/url.sty
\Urlmuskip=\muskip11
Package: url 2013/09/16  ver 3.4  Verb mode for urls, etc.
)
(c:/w32tex/share/texmf-dist/tex/latex/cases/cases.sty
Package: cases 2002/05/02 ver 2.5 
)
(c:/w32tex/share/texmf-dist/tex/latex/listings/listings.sty
\lst@mode=\count119
\lst@gtempboxa=\box46
\lst@token=\toks24
\lst@length=\count120
\lst@currlwidth=\dimen156
\lst@column=\count121
\lst@pos=\count122
\lst@lostspace=\dimen157
\lst@width=\dimen158
\lst@newlines=\count123
\lst@lineno=\count124
\lst@maxwidth=\dimen159

(c:/w32tex/share/texmf-dist/tex/latex/listings/lstmisc.sty
File: lstmisc.sty 2015/06/04 1.6 (Carsten Heinz)
\c@lstnumber=\count125
\lst@skipnumbers=\count126
\lst@framebox=\box47
)
(c:/w32tex/share/texmf-dist/tex/latex/listings/listings.cfg
File: listings.cfg 2015/06/04 1.6 listings configuration
))
Package: listings 2015/06/04 1.6 (Carsten Heinz)


LaTeX Warning: Unused global option(s):
    [a4].

(./thesis.aux)
\openout1 = `thesis.aux'.

LaTeX Font Info:    Checking defaults for OML/cmm/m/it on input line 66.
LaTeX Font Info:    ... okay on input line 66.
LaTeX Font Info:    Checking defaults for T1/cmr/m/n on input line 66.
LaTeX Font Info:    ... okay on input line 66.
LaTeX Font Info:    Checking defaults for OT1/cmr/m/n on input line 66.
LaTeX Font Info:    ... okay on input line 66.
LaTeX Font Info:    Checking defaults for OMS/cmsy/m/n on input line 66.
LaTeX Font Info:    ... okay on input line 66.
LaTeX Font Info:    Checking defaults for OMX/cmex/m/n on input line 66.
LaTeX Font Info:    ... okay on input line 66.
LaTeX Font Info:    Checking defaults for U/cmr/m/n on input line 66.
LaTeX Font Info:    ... okay on input line 66.
LaTeX Font Info:    Checking defaults for JY1/mc/m/n on input line 66.
LaTeX Font Info:    ... okay on input line 66.
LaTeX Font Info:    Checking defaults for JT1/mc/m/n on input line 66.
LaTeX Font Info:    ... okay on input line 66.
Package caption Info: Begin \AtBeginDocument code.
Package caption Info: subfig package v1.3 is loaded.
Package caption Info: float package is loaded.
Package caption Info: listings package is loaded.
Package caption Info: End \AtBeginDocument code.
\c@lstlisting=\count127
 (./Abstract.tex [0

]
LaTeX Font Info:    Font shape `JT1/mc/bx/n' in size <24.88> not available
(Font)              Font shape `JT1/gt/m/n' tried instead on input line 1.
LaTeX Font Info:    Font shape `JY1/mc/bx/n' in size <24.88> not available
(Font)              Font shape `JY1/gt/m/n' tried instead on input line 1.
) [0

] (./thesis.toc
LaTeX Font Info:    Font shape `JT1/mc/bx/n' in size <12> not available
(Font)              Font shape `JT1/gt/m/n' tried instead on input line 1.
LaTeX Font Info:    Font shape `JY1/mc/bx/n' in size <12> not available
(Font)              Font shape `JY1/gt/m/n' tried instead on input line 1.
 [1

])
\tf@toc=\write4
\openout4 = `thesis.toc'.

 [2] (./chapter1.tex
第 1 章
[1

]) (./chapter2.tex [2]
第 2 章
LaTeX Font Info:    Font shape `JT1/mc/bx/n' in size <17.28> not available
(Font)              Font shape `JT1/gt/m/n' tried instead on input line 2.
LaTeX Font Info:    Font shape `JY1/mc/bx/n' in size <17.28> not available
(Font)              Font shape `JY1/gt/m/n' tried instead on input line 2.
File: figures/mr-wpt.pdf Graphic file (type pdf)
<figures/mr-wpt.pdf>
[3

]
File: figures/equivalent.pdf Graphic file (type pdf)
<figures/equivalent.pdf>
File: figures/freqchar05.pdf Graphic file (type pdf)
<figures/freqchar05.pdf>
File: figures/freqchar03.pdf Graphic file (type pdf)
<figures/freqchar03.pdf>

Overfull \hbox (44.11925pt too wide) in paragraph at lines 86--90
 [][] 
 []


LaTeX Warning: `h' float specifier changed to `ht'.

[4] [5]
LaTeX Font Info:    Font shape `JT1/mc/bx/n' in size <14.4> not available
(Font)              Font shape `JT1/gt/m/n' tried instead on input line 98.
LaTeX Font Info:    Font shape `JY1/mc/bx/n' in size <14.4> not available
(Font)              Font shape `JY1/gt/m/n' tried instead on input line 98.

Overfull \hbox (13.31737pt too wide) detected at line 114
[]
 []

[6]
Overfull \hbox (4.93332pt too wide) in paragraph at lines 129--131
\JY1/mc/m/n/12 解くことができる ． 得られる \OT1/cmr/m/n/12 4 \JY1/mc/m/n/12 つ
の解のうち ， 正のものを $\OML/cmm/m/it/12 ![];  ![] \OT1/cmr/m/n/12 (\OML/cmm/
m/it/12 ![] <
 []

[7] [8] [9]
File: figures/zrfgraph.pdf Graphic file (type pdf)
<figures/zrfgraph.pdf>
File: figures/boundary.pdf Graphic file (type pdf)
<figures/boundary.pdf>
) (./chapter3.tex [10]
第 3 章
File: figures/pll.pdf Graphic file (type pdf)
<figures/pll.pdf>
[11

]
File: figures/pllbode.pdf Graphic file (type pdf)
<figures/pllbode.pdf>
 [12]
File: figures/filter.pdf Graphic file (type pdf)
<figures/filter.pdf>

Overfull \hbox (28.45276pt too wide) in paragraph at lines 48--49
 [] 
 []

[13] [14] [15]
File: figures/lag.pdf Graphic file (type pdf)
<figures/lag.pdf>
File: figures/lead.pdf Graphic file (type pdf)
<figures/lead.pdf>
File: figures/lag-lead.pdf Graphic file (type pdf)
<figures/lag-lead.pdf>


LaTeX Warning: Float too large for page by 22.55882pt on input line 111.

[16] [17]
File: figures/pllblock.pdf Graphic file (type pdf)
<figures/pllblock.pdf>
 [18]
File: figures/argi1.pdf Graphic file (type pdf)
<figures/argi1.pdf>
File: figures/pllmodel.pdf Graphic file (type pdf)
<figures/pllmodel.pdf>
 [19]
File: figures/pllmodel2.pdf Graphic file (type pdf)
<figures/pllmodel2.pdf>
 [20] [21] [22]
File: figures/entireblock.pdf Graphic file (type pdf)
<figures/entireblock.pdf>
 [23] [24]
File: figures/deadtimegenerator.pdf Graphic file (type pdf)
<figures/deadtimegenerator.pdf>
 [25]
File: figures/delaycompensator.pdf Graphic file (type pdf)
<figures/delaycompensator.pdf>

Overfull \hbox (56.9055pt too wide) in paragraph at lines 307--308
 [] 
 []

[26]
File: figures/pllsimulationcircuit.pdf Graphic file (type pdf)
<figures/pllsimulationcircuit.pdf>

Overfull \hbox (14.22638pt too wide) in paragraph at lines 320--321
 [] 
 []

[27]
File: figures/pllsimulationgraph1.pdf Graphic file (type pdf)
<figures/pllsimulationgraph1.pdf>

Overfull \hbox (28.45276pt too wide) in paragraph at lines 332--333
 [] 
 []

File: figures/pllsimulationgraph2.pdf Graphic file (type pdf)
<figures/pllsimulationgraph2.pdf>

Overfull \hbox (28.45276pt too wide) in paragraph at lines 338--339
 [][] 
 []

) (./chapter4.tex [28]
第 4 章
File: figures/concept.pdf Graphic file (type pdf)
<figures/concept.pdf>
[29

]
File: figures/fskentirecircuit.pdf Graphic file (type pdf)
<figures/fskentirecircuit.pdf>

Overfull \hbox (56.9055pt too wide) in paragraph at lines 21--22
 [] 
 []

[30]
File: figures/fskmodulator.pdf Graphic file (type pdf)
<figures/fskmodulator.pdf>

Overfull \hbox (56.9055pt too wide) in paragraph at lines 35--36
 [] 
 []

[31] [32]
File: figures/lockdetector.pdf Graphic file (type pdf)
<figures/lockdetector.pdf>
 [33]
File: figures/voltagerestrictor.pdf Graphic file (type pdf)
<figures/voltagerestrictor.pdf>
 [34]
File: figures/fsksimulationcircuit.pdf Graphic file (type pdf)
<figures/fsksimulationcircuit.pdf>

Overfull \hbox (42.67914pt too wide) in paragraph at lines 99--100
 [] 
 []

[35]
File: figures/fsksimulationgraph1.pdf Graphic file (type pdf)
<figures/fsksimulationgraph1.pdf>
File: figures/fsksimulationgraph2.pdf Graphic file (type pdf)
<figures/fsksimulationgraph2.pdf>
File: figures/fsksimulationgraph3.pdf Graphic file (type pdf)
<figures/fsksimulationgraph3.pdf>
 [36]
File: figures/fpgaphoto.pdf Graphic file (type pdf)
<figures/fpgaphoto.pdf>
 [37] [38]
Overfull \hbox (7.57658pt too wide) in paragraph at lines 157--158
\OT1/cmr/m/n/12 ZRF$\OML/cmm/m/it/12 f[];  f[]$ \JY1/mc/m/n/12 に対応し ， \OT1
/cmr/m/n/12 2.2 \JY1/mc/m/n/12 節における解析で述べたように $\OML/cmm/m/it/12 f
[] < f[] <
 []

[39]
File: figures/logicanalyzer.png Graphic file (type bmp)
<figures/logicanalyzer.png>

Overfull \hbox (56.9055pt too wide) in paragraph at lines 171--172
 [] 
 []

File: figures/counter.pdf Graphic file (type pdf)
<figures/counter.pdf>

LaTeX Warning: `h' float specifier changed to `ht'.

[40]
Overfull \hbox (26.42729pt too wide) in paragraph at lines 195--206
 [][] 
 []

File: figures/transmitterphoto.png Graphic file (type bmp)
<figures/transmitterphoto.png>

Overfull \hbox (36.28601pt too wide) in paragraph at lines 213--214
 [] 
 []

File: figures/receiverphoto.png Graphic file (type bmp)
<figures/receiverphoto.png>
[41] [42]
LaTeX Font Info:    Try loading font information for OMS+cmr on input line 227.

 (c:/w32tex/share/texmf-dist/tex/latex/base/omscmr.fd
File: omscmr.fd 2014/09/29 v2.5h Standard LaTeX font definitions
)
LaTeX Font Info:    Font shape `OMS/cmr/m/n' in size <12> not available
(Font)              Font shape `OMS/cmsy/m/n' tried instead on input line 227.
 [43]
File: figures/dvsk.pdf Graphic file (type pdf)
<figures/dvsk.pdf>

Overfull \hbox (56.9055pt too wide) in paragraph at lines 268--269
 [] 
 []

File: figures/coilphoto.jpg Graphic file (type bmp)
<figures/coilphoto.jpg>

Overfull \hbox (14.22638pt too wide) in paragraph at lines 279--280
 [][] 
 []

File: figures/dvskgraph.pdf Graphic file (type pdf)
<figures/dvskgraph.pdf>

Overfull \hbox (14.22638pt too wide) in paragraph at lines 286--287
 [][] 
 []


Overfull \hbox (34.0596pt too wide) in paragraph at lines 276--291
 [][] 
 []


LaTeX Warning: `h' float specifier changed to `ht'.

[44] [45] [46]
File: figures/manual.pdf Graphic file (type pdf)
<figures/manual.pdf>

Overfull \hbox (56.9055pt too wide) in paragraph at lines 327--328
 [] 
 []

File: figures/auto.pdf Graphic file (type pdf)
<figures/auto.pdf>

Overfull \hbox (56.9055pt too wide) in paragraph at lines 332--333
 [][] 
 []

File: figures/tracking1.pdf Graphic file (type pdf)
<figures/tracking1.pdf>
File: figures/tracking2.pdf Graphic file (type pdf)
<figures/tracking2.pdf>
[47] [48]
File: figures/spectrum.pdf Graphic file (type pdf)
<figures/spectrum.pdf>

Overfull \hbox (56.9055pt too wide) in paragraph at lines 369--370
 [] 
 []

File: figures/spectrumphoto.jpg Graphic file (type bmp)
<figures/spectrumphoto.jpg>

Overfull \hbox (56.9055pt too wide) in paragraph at lines 374--375
 [][] 
 []

File: figures/spectrumgraph5.pdf Graphic file (type pdf)
<figures/spectrumgraph5.pdf>
File: figures/spectrumgraph10.pdf Graphic file (type pdf)
<figures/spectrumgraph10.pdf>

Overfull \hbox (44.11925pt too wide) in paragraph at lines 385--389
 [][] 
 []

File: figures/spectrumimage.jpg Graphic file (type bmp)
<figures/spectrumimage.jpg>

Overfull \hbox (56.9055pt too wide) in paragraph at lines 394--395
 [][] 
 []

[49] [50] [51]
File: figures/datavseta5.pdf Graphic file (type pdf)
<figures/datavseta5.pdf>
File: figures/datavseta10.pdf Graphic file (type pdf)
<figures/datavseta10.pdf>

Overfull \hbox (44.11925pt too wide) in paragraph at lines 419--423
 [][] 
 []

[52]
File: figures/communication.pdf Graphic file (type pdf)
<figures/communication.pdf>

Overfull \hbox (56.9055pt too wide) in paragraph at lines 441--442
 [] 
 []

[53]
File: figures/ber.pdf Graphic file (type pdf)
<figures/ber.pdf>

Overfull \hbox (56.9055pt too wide) in paragraph at lines 462--463
 [] 
 []

[54]
File: figures/bergraph.pdf Graphic file (type pdf)
<figures/bergraph.pdf>
) (./chapter5.tex [55]
第 5 章

Overfull \hbox (4.67285pt too wide) in paragraph at lines 2--2
\JY1/mc/m/n/12 基板上に実装して動作実験を行 っ た結果 ， 伝送コイル間距離 $\OT1
/cmr/m/n/12 10 [] ([] \OML/cmm/m/it/12 k \OMS/cmsy/m/n/12 '
 []


Overfull \hbox (3.75407pt too wide) in paragraph at lines 4--4
[]\JY1/mc/m/n/12 第 \OT1/cmr/m/n/12 3 \JY1/mc/m/n/12 章では ， \OT1/cmr/m/n/12 
MR-WPT \JY1/mc/m/n/12 回路を \OT1/cmr/m/n/12 ZRF \JY1/mc/m/n/12 で駆動するため
に ， 位相同期ル ープ \OT1/cmr/m/n/12 (Phase-
 []

[56

]) (./thesis.bbl [57] [58

] [59] [60] [61]
Missing character: There is no ^^e2 in font cmr12!
Missing character: There is no ^^80 in font cmr12!
Missing character: There is no ^^93 in font cmr12!
 [62]
Underfull \hbox (badness 10000) in paragraph at lines 268--270
[][]\OT1/cmr/m/n/12 . 
 []


Underfull \hbox (badness 10000) in paragraph at lines 292--295
[][]\OT1/cmr/m/n/12 . 
 []


Underfull \hbox (badness 10000) in paragraph at lines 292--295
\OT1/cmr/m/n/12 https://reference.digilentinc.com/[]media/reference/programmabl
e-
 []

) [63] [64

] (./acknowledgement.tex) (./appendix.tex [65

]
付 録 A  
[66

]
File: figures/wpf13_circuit1.pdf Graphic file (type pdf)
<figures/wpf13_circuit1.pdf>

Overfull \hbox (11.38092pt too wide) in paragraph at lines 8--9
 [] 
 []


LaTeX Warning: Float too large for page by 84.70328pt on input line 12.

[67]
File: figures/wpf13_circuit2.pdf Graphic file (type pdf)
<figures/wpf13_circuit2.pdf>

Overfull \hbox (11.38092pt too wide) in paragraph at lines 20--21
 [] 
 []


LaTeX Warning: Float too large for page by 84.70328pt on input line 24.

[68]
File: figures/wpf_receiver7_circuit.pdf Graphic file (type pdf)
<figures/wpf_receiver7_circuit.pdf>

Overfull \hbox (11.38092pt too wide) in paragraph at lines 32--33
 [] 
 []


LaTeX Warning: Float too large for page by 84.50766pt on input line 36.

[69]
File: figures/wpf13_board_002.pdf Graphic file (type pdf)
<figures/wpf13_board_002.pdf>

Overfull \hbox (36.28601pt too wide) in paragraph at lines 45--46
 [] 
 []

File: figures/wpf13_board_003.pdf Graphic file (type pdf)
<figures/wpf13_board_003.pdf>

Overfull \hbox (36.28601pt too wide) in paragraph at lines 49--50
 [][] 
 []

File: figures/wpf13_board_004.pdf Graphic file (type pdf)
<figures/wpf13_board_004.pdf>

Overfull \hbox (36.28601pt too wide) in paragraph at lines 61--62
 [] 
 []

File: figures/wpf13_board_005.pdf Graphic file (type pdf)
<figures/wpf13_board_005.pdf>

Overfull \hbox (36.28601pt too wide) in paragraph at lines 66--67
 [][] 
 []


LaTeX Warning: Float too large for page by 14.84677pt on input line 71.

File: figures/wpf_receiver7_board_002.pdf Graphic file (type pdf)
<figures/wpf_receiver7_board_002.pdf>

Overfull \hbox (36.28601pt too wide) in paragraph at lines 78--79
 [] 
 []

File: figures/wpf_receiver7_board_003.pdf Graphic file (type pdf)
<figures/wpf_receiver7_board_003.pdf>

Overfull \hbox (36.28601pt too wide) in paragraph at lines 83--84
 [][] 
 []

[70] [71] [72]
付 録 B  
[73







] [74] [75] [76] [77] [78]) [79] (./thesis.aux) ) 
Here is how much of TeX's memory you used:
 4699 strings out of 493628
 69840 string characters out of 6150204
 235240 words of memory out of 5000000
 8158 multiletter control sequences out of 15000+600000
 17814 words of font info for 71 fonts, out of 8000000 for 9000
 929 hyphenation exceptions out of 8191
 44i,13n,49p,1158b,1561s stack positions out of 5000i,500n,10000p,500000b,80000s

Output written on thesis.dvi (83 pages, 188596 bytes).
