This is e-pTeX, Version 3.141592653-p4.1.0-230214-2.6 (utf8.sjis) (TeX Live 2023) (preloaded format=platex 2023.5.25)  24 DEC 2023 12:35
entering extended mode
 restricted \write18 enabled.
 %&-line parsing enabled.
**c:/Desktop/reserch/卒論/thesis/chapter1.tex
(c:/Desktop/reserch/卒論/thesis/chapter1.tex
pLaTeX2e <2023-02-14>+1 (based on LaTeX2e <2022-11-01> patch level 1)
L3 programming layer <2023-05-15>
! Undefined control sequence.
l.1 \chapter
            {序論}
? ｘ
Type <return> to proceed, S to scroll future error messages,
R to run without stopping, Q to run quietly,
I to insert something, E to edit your file,
1 or ... or 9 to ignore the next 1 to 9 tokens of input,
H for help, X to quit.
? x
 
Here is how much of TeX's memory you used:
 19 strings out of 476760
 455 string characters out of 5809571
 1843672 words of memory out of 5000000
 20504 multiletter control sequences out of 15000+600000
 516158 words of font info for 49 fonts, out of 8000000 for 9000
 929 hyphenation exceptions out of 8191
 15i,0n,23p,92b,18s stack positions out of 10000i,1000n,20000p,200000b,200000s
No pages of output.
