This is e-pTeX, Version 3.141592653-p4.1.0-230214-2.6 (utf8.sjis) (TeX Live 2023) (preloaded format=platex 2023.5.26)  26 OCT 2023 22:46
entering extended mode
 restricted \write18 enabled.
 %&-line parsing enabled.
**e:/Desktop/reserch/folded_gilbert/seminar/20231031/tex/tempCodeRunnerFile.tex

(e:/Desktop/reserch/folded_gilbert/seminar/20231031/tex/tempCodeRunnerFile.tex
pLaTeX2e <2023-02-14>+1 (based on LaTeX2e <2022-11-01> patch level 1)
L3 programming layer <2023-05-15>

! LaTeX Error: Missing \begin{document}.

See the LaTeX manual or LaTeX Companion for explanation.
Type  H <return>  for immediate help.
 ...                                              
                                                  
l.2         v
             _{out} &= 2R_{L} \left[ 2\Delta g_{m}v_{pS1}- \left\{ g_{dp} + ...

? x
 
Here is how much of TeX's memory you used:
 19 strings out of 476759
 669 string characters out of 5809550
 1843672 words of memory out of 5000000
 20505 multiletter control sequences out of 15000+600000
 516158 words of font info for 49 fonts, out of 8000000 for 9000
 929 hyphenation exceptions out of 8191
 15i,0n,23p,230b,18s stack positions out of 10000i,1000n,20000p,200000b,200000s
No pages of output.
