

*******************************************************************************
Fri Oct 13 22:48:12 2023


FIT:    data read from input skip 0 using 1 : 2
        format = x:z
        #datapoints = 30
        residuals are weighted equally (unit weight)

function used for fitting: f(x)
	f(x) = A * x + B
fitted parameters initialized with current variable values

iter      chisq       delta/lim  lambda   A             B            
   0 3.9040084559e+03   0.00e+00  1.26e+01    1.000000e+00   1.000000e+00
   4 7.4724222008e+01  -1.14e-02  1.26e-03    5.091192e-01  -1.859900e+00

After 4 iterations the fit converged.
final sum of squares of residuals : 74.7242
rel. change during last iteration : -1.13652e-07

degrees of freedom    (FIT_NDF)                        : 28
rms of residuals      (FIT_STDFIT) = sqrt(WSSR/ndf)    : 1.63362
variance of residuals (reduced chisquare) = WSSR/ndf   : 2.66872

Final set of parameters            Asymptotic Standard Error
=======================            ==========================
A               = 0.509119         +/- 0.03446      (6.768%)
B               = -1.8599          +/- 0.6117       (32.89%)

correlation matrix of the fit parameters:
                A      B      
A               1.000 
B              -0.873  1.000 
