

*******************************************************************************
Mon Jul 03 01:22:59 2023


FIT:    data read from input skip 6 using 1 : (sqrt($2 ) * y_scale)
        format = x:z
        x range restricted to [0.790000 : 0.810000]
        #datapoints = 2000
        residuals are weighted equally (unit weight)

function used for fitting: f1(x)
	f1(x) = A * x + B
fitted parameters initialized with current variable values

iter      chisq       delta/lim  lambda   A             B            
   0 1.6340225930e+05   0.00e+00  9.06e-01    1.000000e+00   1.000000e+00
   5 8.0622680316e-05  -1.93e-06  9.06e-06    2.884655e+01  -1.223994e+01

After 5 iterations the fit converged.
final sum of squares of residuals : 8.06227e-05
rel. change during last iteration : -1.93278e-11

degrees of freedom    (FIT_NDF)                        : 1998
rms of residuals      (FIT_STDFIT) = sqrt(WSSR/ndf)    : 0.000200877
variance of residuals (reduced chisquare) = WSSR/ndf   : 4.03517e-08

Final set of parameters            Asymptotic Standard Error
=======================            ==========================
A               = 28.8466          +/- 0.000778     (0.002697%)
B               = -12.2399         +/- 0.0006224    (0.005085%)

correlation matrix of the fit parameters:
                A      B      
A               1.000 
B              -1.000  1.000 


*******************************************************************************
Mon Jul 03 01:23:47 2023


FIT:    data read from input skip 6 using 1 : (sqrt($2 ) * y_scale)
        format = x:z
        x range restricted to [0.790000 : 0.810000]
        #datapoints = 2000
        residuals are weighted equally (unit weight)

function used for fitting: f1(x)
	f1(x) = A * x + B
fitted parameters initialized with current variable values

iter      chisq       delta/lim  lambda   A             B            
   0 1.6340225930e+05   0.00e+00  9.06e-01    1.000000e+00   1.000000e+00
   5 8.0622680316e-05  -1.93e-06  9.06e-06    2.884655e+01  -1.223994e+01

After 5 iterations the fit converged.
final sum of squares of residuals : 8.06227e-05
rel. change during last iteration : -1.93278e-11

degrees of freedom    (FIT_NDF)                        : 1998
rms of residuals      (FIT_STDFIT) = sqrt(WSSR/ndf)    : 0.000200877
variance of residuals (reduced chisquare) = WSSR/ndf   : 4.03517e-08

Final set of parameters            Asymptotic Standard Error
=======================            ==========================
A               = 28.8466          +/- 0.000778     (0.002697%)
B               = -12.2399         +/- 0.0006224    (0.005085%)

correlation matrix of the fit parameters:
                A      B      
A               1.000 
B              -1.000  1.000 


*******************************************************************************
Mon Jul 03 01:52:24 2023


FIT:    data read from input skip 6 using 1  : (sqrt($2 ))
        format = x:z
        x range restricted to [0.600000 : 0.800000]
        #datapoints = 20000
        residuals are weighted equally (unit weight)

function used for fitting: f(x)
	f(x) = A * x + B
fitted parameters initialized with current variable values

iter      chisq       delta/lim  lambda   A             B            
   0 1.1987405053e+01   0.00e+00  7.09e-04    1.000000e-04  -1.000000e-03
   4 6.0979013420e-06  -4.89e-04  7.09e-08    8.645374e-02  -3.747904e-02

After 4 iterations the fit converged.
final sum of squares of residuals : 6.0979e-06
rel. change during last iteration : -4.88856e-09

degrees of freedom    (FIT_NDF)                        : 19998
rms of residuals      (FIT_STDFIT) = sqrt(WSSR/ndf)    : 1.74621e-05
variance of residuals (reduced chisquare) = WSSR/ndf   : 3.04926e-10

Final set of parameters            Asymptotic Standard Error
=======================            ==========================
A               = 0.0864537        +/- 2.139e-06    (0.002474%)
B               = -0.037479        +/- 1.502e-06    (0.004008%)

correlation matrix of the fit parameters:
                A      B      
A               1.000 
B              -0.997  1.000 


*******************************************************************************
Mon Jul 03 01:52:26 2023


FIT:    data read from input skip 6 using 3  : (sqrt($4 ))
        format = x:z
        x range restricted to [0.600000 : 0.800000]
        #datapoints = 20000
        residuals are weighted equally (unit weight)

function used for fitting: f(x)
	f(x) = A * x + B
fitted parameters initialized with current variable values

iter      chisq       delta/lim  lambda   A             B            
   0 5.7474690303e-02   0.00e+00  5.05e-02    8.645374e-02  -3.747904e-02
   3 1.2255589978e-05  -1.54e-05  5.05e-05    8.628664e-02  -3.905707e-02

After 3 iterations the fit converged.
final sum of squares of residuals : 1.22556e-05
rel. change during last iteration : -1.53707e-10

degrees of freedom    (FIT_NDF)                        : 19998
rms of residuals      (FIT_STDFIT) = sqrt(WSSR/ndf)    : 2.47556e-05
variance of residuals (reduced chisquare) = WSSR/ndf   : 6.12841e-10

Final set of parameters            Asymptotic Standard Error
=======================            ==========================
A               = 0.0862866        +/- 3.032e-06    (0.003514%)
B               = -0.0390571       +/- 2.13e-06     (0.005452%)

correlation matrix of the fit parameters:
                A      B      
A               1.000 
B              -0.997  1.000 


*******************************************************************************
Mon Jul 03 01:52:27 2023


FIT:    data read from input skip 6 using 5  : (sqrt($6 ))
        format = x:z
        x range restricted to [0.600000 : 0.800000]
        #datapoints = 20000
        residuals are weighted equally (unit weight)

function used for fitting: f(x)
	f(x) = A * x + B
fitted parameters initialized with current variable values

iter      chisq       delta/lim  lambda   A             B            
   0 5.1742423773e-02   0.00e+00  5.10e-02    8.628664e-02  -3.905707e-02
   3 4.2155343348e-05  -2.08e-06  5.10e-05    8.582893e-02  -4.034425e-02

After 3 iterations the fit converged.
final sum of squares of residuals : 4.21553e-05
rel. change during last iteration : -2.07829e-11

degrees of freedom    (FIT_NDF)                        : 19998
rms of residuals      (FIT_STDFIT) = sqrt(WSSR/ndf)    : 4.59127e-05
variance of residuals (reduced chisquare) = WSSR/ndf   : 2.10798e-09

Final set of parameters            Asymptotic Standard Error
=======================            ==========================
A               = 0.0858289        +/- 5.623e-06    (0.006552%)
B               = -0.0403443       +/- 3.95e-06     (0.00979%)

correlation matrix of the fit parameters:
                A      B      
A               1.000 
B              -0.997  1.000 


*******************************************************************************
Mon Jul 03 01:52:29 2023


FIT:    data read from input skip 6 using 7  : (sqrt($8 ))
        format = x:z
        x range restricted to [0.600000 : 0.800000]
        #datapoints = 20000
        residuals are weighted equally (unit weight)

function used for fitting: f(x)
	f(x) = A * x + B
fitted parameters initialized with current variable values

iter      chisq       delta/lim  lambda   A             B            
   0 4.6539365535e-02   0.00e+00  5.13e-02    8.582893e-02  -4.034425e-02
   3 1.1240742949e-04  -2.66e-07  5.13e-05    8.504876e-02  -4.132106e-02

After 3 iterations the fit converged.
final sum of squares of residuals : 0.000112407
rel. change during last iteration : -2.6586e-12

degrees of freedom    (FIT_NDF)                        : 19998
rms of residuals      (FIT_STDFIT) = sqrt(WSSR/ndf)    : 7.49729e-05
variance of residuals (reduced chisquare) = WSSR/ndf   : 5.62093e-09

Final set of parameters            Asymptotic Standard Error
=======================            ==========================
A               = 0.0850488        +/- 9.182e-06    (0.0108%)
B               = -0.0413211       +/- 6.449e-06    (0.01561%)

correlation matrix of the fit parameters:
                A      B      
A               1.000 
B              -0.997  1.000 


*******************************************************************************
Mon Jul 03 01:52:31 2023


FIT:    data read from input skip 6 using 9  : (sqrt($10))
        format = x:z
        x range restricted to [0.600000 : 0.800000]
        #datapoints = 20000
        residuals are weighted equally (unit weight)

function used for fitting: f(x)
	f(x) = A * x + B
fitted parameters initialized with current variable values

iter      chisq       delta/lim  lambda   A             B            
   0 4.1813580126e-02   0.00e+00  5.14e-02    8.504876e-02  -4.132106e-02
   2 2.4272244067e-04  -5.17e-01  5.14e-04    8.391724e-02  -4.196923e-02

After 2 iterations the fit converged.
final sum of squares of residuals : 0.000242722
rel. change during last iteration : -5.17191e-06

degrees of freedom    (FIT_NDF)                        : 19998
rms of residuals      (FIT_STDFIT) = sqrt(WSSR/ndf)    : 0.00011017
variance of residuals (reduced chisquare) = WSSR/ndf   : 1.21373e-08

Final set of parameters            Asymptotic Standard Error
=======================            ==========================
A               = 0.0839172        +/- 1.349e-05    (0.01608%)
B               = -0.0419692       +/- 9.477e-06    (0.02258%)

correlation matrix of the fit parameters:
                A      B      
A               1.000 
B              -0.997  1.000 


*******************************************************************************
Mon Jul 03 01:52:33 2023


FIT:    data read from input skip 6 using 11 : (sqrt($12))
        format = x:z
        x range restricted to [0.600000 : 0.800000]
        #datapoints = 20000
        residuals are weighted equally (unit weight)

function used for fitting: f(x)
	f(x) = A * x + B
fitted parameters initialized with current variable values

iter      chisq       delta/lim  lambda   A             B            
   0 3.7537306887e-02   0.00e+00  5.12e-02    8.391724e-02  -4.196923e-02
   2 4.5286921312e-04  -1.89e-01  5.12e-04    8.241277e-02  -4.227501e-02

After 2 iterations the fit converged.
final sum of squares of residuals : 0.000452869
rel. change during last iteration : -1.88764e-06

degrees of freedom    (FIT_NDF)                        : 19998
rms of residuals      (FIT_STDFIT) = sqrt(WSSR/ndf)    : 0.000150485
variance of residuals (reduced chisquare) = WSSR/ndf   : 2.26457e-08

Final set of parameters            Asymptotic Standard Error
=======================            ==========================
A               = 0.0824128        +/- 1.843e-05    (0.02236%)
B               = -0.042275        +/- 1.295e-05    (0.03062%)

correlation matrix of the fit parameters:
                A      B      
A               1.000 
B              -0.997  1.000 


*******************************************************************************
Mon Jul 03 01:52:35 2023


FIT:    data read from input skip 6 using 13 : (sqrt($14))
        format = x:z
        x range restricted to [0.600000 : 0.800000]
        #datapoints = 20000
        residuals are weighted equally (unit weight)

function used for fitting: f(x)
	f(x) = A * x + B
fitted parameters initialized with current variable values

iter      chisq       delta/lim  lambda   A             B            
   0 3.3697547781e-02   0.00e+00  5.07e-02    8.241277e-02  -4.227501e-02
   3 7.5799760641e-04  -2.91e-08  5.07e-05    8.052479e-02  -4.223212e-02

After 3 iterations the fit converged.
final sum of squares of residuals : 0.000757998
rel. change during last iteration : -2.9079e-13

degrees of freedom    (FIT_NDF)                        : 19998
rms of residuals      (FIT_STDFIT) = sqrt(WSSR/ndf)    : 0.000194689
variance of residuals (reduced chisquare) = WSSR/ndf   : 3.79037e-08

Final set of parameters            Asymptotic Standard Error
=======================            ==========================
A               = 0.0805248        +/- 2.384e-05    (0.02961%)
B               = -0.0422321       +/- 1.675e-05    (0.03966%)

correlation matrix of the fit parameters:
                A      B      
A               1.000 
B              -0.997  1.000 


*******************************************************************************
Mon Jul 03 01:52:36 2023


FIT:    data read from input skip 6 using 15 : (sqrt($16))
        format = x:z
        x range restricted to [0.600000 : 0.800000]
        #datapoints = 20000
        residuals are weighted equally (unit weight)

function used for fitting: f(x)
	f(x) = A * x + B
fitted parameters initialized with current variable values

iter      chisq       delta/lim  lambda   A             B            
   0 3.0284360700e-02   0.00e+00  4.99e-02    8.052479e-02  -4.223212e-02
   3 1.1632943072e-03  -5.05e-08  4.99e-05    7.825663e-02  -4.184395e-02

After 3 iterations the fit converged.
final sum of squares of residuals : 0.00116329
rel. change during last iteration : -5.04777e-13

degrees of freedom    (FIT_NDF)                        : 19998
rms of residuals      (FIT_STDFIT) = sqrt(WSSR/ndf)    : 0.000241186
variance of residuals (reduced chisquare) = WSSR/ndf   : 5.81705e-08

Final set of parameters            Asymptotic Standard Error
=======================            ==========================
A               = 0.0782566        +/- 2.954e-05    (0.03775%)
B               = -0.0418439       +/- 2.075e-05    (0.04958%)

correlation matrix of the fit parameters:
                A      B      
A               1.000 
B              -0.997  1.000 


*******************************************************************************
Mon Jul 03 01:52:38 2023


FIT:    data read from input skip 6 using 17 : (sqrt($18))
        format = x:z
        x range restricted to [0.600000 : 0.800000]
        #datapoints = 20000
        residuals are weighted equally (unit weight)

function used for fitting: f(x)
	f(x) = A * x + B
fitted parameters initialized with current variable values

iter      chisq       delta/lim  lambda   A             B            
   0 2.7280109917e-02   0.00e+00  4.88e-02    7.825663e-02  -4.184395e-02
   3 1.6596208728e-03  -6.49e-08  4.88e-05    7.562679e-02  -4.112464e-02

After 3 iterations the fit converged.
final sum of squares of residuals : 0.00165962
rel. change during last iteration : -6.48579e-13

degrees of freedom    (FIT_NDF)                        : 19998
rms of residuals      (FIT_STDFIT) = sqrt(WSSR/ndf)    : 0.000288079
variance of residuals (reduced chisquare) = WSSR/ndf   : 8.29893e-08

Final set of parameters            Asymptotic Standard Error
=======================            ==========================
A               = 0.0756268        +/- 3.528e-05    (0.04665%)
B               = -0.0411246       +/- 2.478e-05    (0.06026%)

correlation matrix of the fit parameters:
                A      B      
A               1.000 
B              -0.997  1.000 


*******************************************************************************
Mon Jul 03 01:52:40 2023


FIT:    data read from input skip 6 using 19 : (sqrt($20))
        format = x:z
        x range restricted to [0.600000 : 0.800000]
        #datapoints = 20000
        residuals are weighted equally (unit weight)

function used for fitting: f(x)
	f(x) = A * x + B
fitted parameters initialized with current variable values

iter      chisq       delta/lim  lambda   A             B            
   0 2.4652606577e-02   0.00e+00  4.75e-02    7.562679e-02  -4.112464e-02
   3 2.2218693085e-03  -7.35e-08  4.75e-05    7.266857e-02  -4.009903e-02

After 3 iterations the fit converged.
final sum of squares of residuals : 0.00222187
rel. change during last iteration : -7.35076e-13

degrees of freedom    (FIT_NDF)                        : 19998
rms of residuals      (FIT_STDFIT) = sqrt(WSSR/ndf)    : 0.000333324
variance of residuals (reduced chisquare) = WSSR/ndf   : 1.11105e-07

Final set of parameters            Asymptotic Standard Error
=======================            ==========================
A               = 0.0726686        +/- 4.082e-05    (0.05618%)
B               = -0.040099        +/- 2.867e-05    (0.07151%)

correlation matrix of the fit parameters:
                A      B      
A               1.000 
B              -0.997  1.000 


*******************************************************************************
Mon Jul 03 01:52:42 2023


FIT:    data read from input skip 6 using 21 : (sqrt($22))
        format = x:z
        x range restricted to [0.600000 : 0.800000]
        #datapoints = 20000
        residuals are weighted equally (unit weight)

function used for fitting: f(x)
	f(x) = A * x + B
fitted parameters initialized with current variable values

iter      chisq       delta/lim  lambda   A             B            
   0 2.2353870009e-02   0.00e+00  4.59e-02    7.266857e-02  -4.009903e-02
   3 2.8110631364e-03  -7.82e-08  4.59e-05    6.942812e-02  -3.880134e-02

After 3 iterations the fit converged.
final sum of squares of residuals : 0.00281106
rel. change during last iteration : -7.82182e-13

degrees of freedom    (FIT_NDF)                        : 19998
rms of residuals      (FIT_STDFIT) = sqrt(WSSR/ndf)    : 0.000374923
variance of residuals (reduced chisquare) = WSSR/ndf   : 1.40567e-07

Final set of parameters            Asymptotic Standard Error
=======================            ==========================
A               = 0.0694281        +/- 4.592e-05    (0.06614%)
B               = -0.0388013       +/- 3.225e-05    (0.08312%)

correlation matrix of the fit parameters:
                A      B      
A               1.000 
B              -0.997  1.000 


*******************************************************************************
Mon Jul 03 01:57:52 2023


FIT:    data read from input skip 6 using 1  : (sqrt($2 ))
        format = x:z
        x range restricted to [0.600000 : 0.800000]
        #datapoints = 20000
        residuals are weighted equally (unit weight)

function used for fitting: f(x)
	f(x) = A * x + B
fitted parameters initialized with current variable values

iter      chisq       delta/lim  lambda   A             B            
   0 1.1987405053e+01   0.00e+00  7.09e-04    1.000000e-04  -1.000000e-03
   4 6.0979013420e-06  -4.89e-04  7.09e-08    8.645374e-02  -3.747904e-02

After 4 iterations the fit converged.
final sum of squares of residuals : 6.0979e-06
rel. change during last iteration : -4.88856e-09

degrees of freedom    (FIT_NDF)                        : 19998
rms of residuals      (FIT_STDFIT) = sqrt(WSSR/ndf)    : 1.74621e-05
variance of residuals (reduced chisquare) = WSSR/ndf   : 3.04926e-10

Final set of parameters            Asymptotic Standard Error
=======================            ==========================
A               = 0.0864537        +/- 2.139e-06    (0.002474%)
B               = -0.037479        +/- 1.502e-06    (0.004008%)

correlation matrix of the fit parameters:
                A      B      
A               1.000 
B              -0.997  1.000 


*******************************************************************************
Mon Jul 03 01:57:54 2023


FIT:    data read from input skip 6 using 3  : (sqrt($4 ))
        format = x:z
        x range restricted to [0.600000 : 0.800000]
        #datapoints = 20000
        residuals are weighted equally (unit weight)

function used for fitting: f(x)
	f(x) = A * x + B
fitted parameters initialized with current variable values

iter      chisq       delta/lim  lambda   A             B            
   0 5.7474690303e-02   0.00e+00  5.05e-02    8.645374e-02  -3.747904e-02
   3 1.2255589978e-05  -1.54e-05  5.05e-05    8.628664e-02  -3.905707e-02

After 3 iterations the fit converged.
final sum of squares of residuals : 1.22556e-05
rel. change during last iteration : -1.53707e-10

degrees of freedom    (FIT_NDF)                        : 19998
rms of residuals      (FIT_STDFIT) = sqrt(WSSR/ndf)    : 2.47556e-05
variance of residuals (reduced chisquare) = WSSR/ndf   : 6.12841e-10

Final set of parameters            Asymptotic Standard Error
=======================            ==========================
A               = 0.0862866        +/- 3.032e-06    (0.003514%)
B               = -0.0390571       +/- 2.13e-06     (0.005452%)

correlation matrix of the fit parameters:
                A      B      
A               1.000 
B              -0.997  1.000 


*******************************************************************************
Mon Jul 03 01:57:56 2023


FIT:    data read from input skip 6 using 5  : (sqrt($6 ))
        format = x:z
        x range restricted to [0.600000 : 0.800000]
        #datapoints = 20000
        residuals are weighted equally (unit weight)

function used for fitting: f(x)
	f(x) = A * x + B
fitted parameters initialized with current variable values

iter      chisq       delta/lim  lambda   A             B            
   0 5.1742423773e-02   0.00e+00  5.10e-02    8.628664e-02  -3.905707e-02
   3 4.2155343348e-05  -2.08e-06  5.10e-05    8.582893e-02  -4.034425e-02

After 3 iterations the fit converged.
final sum of squares of residuals : 4.21553e-05
rel. change during last iteration : -2.07829e-11

degrees of freedom    (FIT_NDF)                        : 19998
rms of residuals      (FIT_STDFIT) = sqrt(WSSR/ndf)    : 4.59127e-05
variance of residuals (reduced chisquare) = WSSR/ndf   : 2.10798e-09

Final set of parameters            Asymptotic Standard Error
=======================            ==========================
A               = 0.0858289        +/- 5.623e-06    (0.006552%)
B               = -0.0403443       +/- 3.95e-06     (0.00979%)

correlation matrix of the fit parameters:
                A      B      
A               1.000 
B              -0.997  1.000 


*******************************************************************************
Mon Jul 03 01:57:57 2023


FIT:    data read from input skip 6 using 7  : (sqrt($8 ))
        format = x:z
        x range restricted to [0.600000 : 0.800000]
        #datapoints = 20000
        residuals are weighted equally (unit weight)

function used for fitting: f(x)
	f(x) = A * x + B
fitted parameters initialized with current variable values

iter      chisq       delta/lim  lambda   A             B            
   0 4.6539365535e-02   0.00e+00  5.13e-02    8.582893e-02  -4.034425e-02
   3 1.1240742949e-04  -2.66e-07  5.13e-05    8.504876e-02  -4.132106e-02

After 3 iterations the fit converged.
final sum of squares of residuals : 0.000112407
rel. change during last iteration : -2.6586e-12

degrees of freedom    (FIT_NDF)                        : 19998
rms of residuals      (FIT_STDFIT) = sqrt(WSSR/ndf)    : 7.49729e-05
variance of residuals (reduced chisquare) = WSSR/ndf   : 5.62093e-09

Final set of parameters            Asymptotic Standard Error
=======================            ==========================
A               = 0.0850488        +/- 9.182e-06    (0.0108%)
B               = -0.0413211       +/- 6.449e-06    (0.01561%)

correlation matrix of the fit parameters:
                A      B      
A               1.000 
B              -0.997  1.000 


*******************************************************************************
Mon Jul 03 01:57:59 2023


FIT:    data read from input skip 6 using 9  : (sqrt($10))
        format = x:z
        x range restricted to [0.600000 : 0.800000]
        #datapoints = 20000
        residuals are weighted equally (unit weight)

function used for fitting: f(x)
	f(x) = A * x + B
fitted parameters initialized with current variable values

iter      chisq       delta/lim  lambda   A             B            
   0 4.1813580126e-02   0.00e+00  5.14e-02    8.504876e-02  -4.132106e-02
   2 2.4272244067e-04  -5.17e-01  5.14e-04    8.391724e-02  -4.196923e-02

After 2 iterations the fit converged.
final sum of squares of residuals : 0.000242722
rel. change during last iteration : -5.17191e-06

degrees of freedom    (FIT_NDF)                        : 19998
rms of residuals      (FIT_STDFIT) = sqrt(WSSR/ndf)    : 0.00011017
variance of residuals (reduced chisquare) = WSSR/ndf   : 1.21373e-08

Final set of parameters            Asymptotic Standard Error
=======================            ==========================
A               = 0.0839172        +/- 1.349e-05    (0.01608%)
B               = -0.0419692       +/- 9.477e-06    (0.02258%)

correlation matrix of the fit parameters:
                A      B      
A               1.000 
B              -0.997  1.000 


*******************************************************************************
Mon Jul 03 01:58:01 2023


FIT:    data read from input skip 6 using 11 : (sqrt($12))
        format = x:z
        x range restricted to [0.600000 : 0.800000]
        #datapoints = 20000
        residuals are weighted equally (unit weight)

function used for fitting: f(x)
	f(x) = A * x + B
fitted parameters initialized with current variable values

iter      chisq       delta/lim  lambda   A             B            
   0 3.7537306887e-02   0.00e+00  5.12e-02    8.391724e-02  -4.196923e-02
   2 4.5286921312e-04  -1.89e-01  5.12e-04    8.241277e-02  -4.227501e-02

After 2 iterations the fit converged.
final sum of squares of residuals : 0.000452869
rel. change during last iteration : -1.88764e-06

degrees of freedom    (FIT_NDF)                        : 19998
rms of residuals      (FIT_STDFIT) = sqrt(WSSR/ndf)    : 0.000150485
variance of residuals (reduced chisquare) = WSSR/ndf   : 2.26457e-08

Final set of parameters            Asymptotic Standard Error
=======================            ==========================
A               = 0.0824128        +/- 1.843e-05    (0.02236%)
B               = -0.042275        +/- 1.295e-05    (0.03062%)

correlation matrix of the fit parameters:
                A      B      
A               1.000 
B              -0.997  1.000 


*******************************************************************************
Mon Jul 03 01:58:03 2023


FIT:    data read from input skip 6 using 13 : (sqrt($14))
        format = x:z
        x range restricted to [0.600000 : 0.800000]
        #datapoints = 20000
        residuals are weighted equally (unit weight)

function used for fitting: f(x)
	f(x) = A * x + B
fitted parameters initialized with current variable values

iter      chisq       delta/lim  lambda   A             B            
   0 3.3697547781e-02   0.00e+00  5.07e-02    8.241277e-02  -4.227501e-02
   3 7.5799760641e-04  -2.91e-08  5.07e-05    8.052479e-02  -4.223212e-02

After 3 iterations the fit converged.
final sum of squares of residuals : 0.000757998
rel. change during last iteration : -2.9079e-13

degrees of freedom    (FIT_NDF)                        : 19998
rms of residuals      (FIT_STDFIT) = sqrt(WSSR/ndf)    : 0.000194689
variance of residuals (reduced chisquare) = WSSR/ndf   : 3.79037e-08

Final set of parameters            Asymptotic Standard Error
=======================            ==========================
A               = 0.0805248        +/- 2.384e-05    (0.02961%)
B               = -0.0422321       +/- 1.675e-05    (0.03966%)

correlation matrix of the fit parameters:
                A      B      
A               1.000 
B              -0.997  1.000 


*******************************************************************************
Mon Jul 03 01:58:04 2023


FIT:    data read from input skip 6 using 15 : (sqrt($16))
        format = x:z
        x range restricted to [0.600000 : 0.800000]
        #datapoints = 20000
        residuals are weighted equally (unit weight)

function used for fitting: f(x)
	f(x) = A * x + B
fitted parameters initialized with current variable values

iter      chisq       delta/lim  lambda   A             B            
   0 3.0284360700e-02   0.00e+00  4.99e-02    8.052479e-02  -4.223212e-02
   3 1.1632943072e-03  -5.05e-08  4.99e-05    7.825663e-02  -4.184395e-02

After 3 iterations the fit converged.
final sum of squares of residuals : 0.00116329
rel. change during last iteration : -5.04777e-13

degrees of freedom    (FIT_NDF)                        : 19998
rms of residuals      (FIT_STDFIT) = sqrt(WSSR/ndf)    : 0.000241186
variance of residuals (reduced chisquare) = WSSR/ndf   : 5.81705e-08

Final set of parameters            Asymptotic Standard Error
=======================            ==========================
A               = 0.0782566        +/- 2.954e-05    (0.03775%)
B               = -0.0418439       +/- 2.075e-05    (0.04958%)

correlation matrix of the fit parameters:
                A      B      
A               1.000 
B              -0.997  1.000 


*******************************************************************************
Mon Jul 03 01:58:06 2023


FIT:    data read from input skip 6 using 17 : (sqrt($18))
        format = x:z
        x range restricted to [0.600000 : 0.800000]
        #datapoints = 20000
        residuals are weighted equally (unit weight)

function used for fitting: f(x)
	f(x) = A * x + B
fitted parameters initialized with current variable values

iter      chisq       delta/lim  lambda   A             B            
   0 2.7280109917e-02   0.00e+00  4.88e-02    7.825663e-02  -4.184395e-02
   3 1.6596208728e-03  -6.49e-08  4.88e-05    7.562679e-02  -4.112464e-02

After 3 iterations the fit converged.
final sum of squares of residuals : 0.00165962
rel. change during last iteration : -6.48579e-13

degrees of freedom    (FIT_NDF)                        : 19998
rms of residuals      (FIT_STDFIT) = sqrt(WSSR/ndf)    : 0.000288079
variance of residuals (reduced chisquare) = WSSR/ndf   : 8.29893e-08

Final set of parameters            Asymptotic Standard Error
=======================            ==========================
A               = 0.0756268        +/- 3.528e-05    (0.04665%)
B               = -0.0411246       +/- 2.478e-05    (0.06026%)

correlation matrix of the fit parameters:
                A      B      
A               1.000 
B              -0.997  1.000 


*******************************************************************************
Mon Jul 03 01:58:08 2023


FIT:    data read from input skip 6 using 19 : (sqrt($20))
        format = x:z
        x range restricted to [0.600000 : 0.800000]
        #datapoints = 20000
        residuals are weighted equally (unit weight)

function used for fitting: f(x)
	f(x) = A * x + B
fitted parameters initialized with current variable values

iter      chisq       delta/lim  lambda   A             B            
   0 2.4652606577e-02   0.00e+00  4.75e-02    7.562679e-02  -4.112464e-02
   3 2.2218693085e-03  -7.35e-08  4.75e-05    7.266857e-02  -4.009903e-02

After 3 iterations the fit converged.
final sum of squares of residuals : 0.00222187
rel. change during last iteration : -7.35076e-13

degrees of freedom    (FIT_NDF)                        : 19998
rms of residuals      (FIT_STDFIT) = sqrt(WSSR/ndf)    : 0.000333324
variance of residuals (reduced chisquare) = WSSR/ndf   : 1.11105e-07

Final set of parameters            Asymptotic Standard Error
=======================            ==========================
A               = 0.0726686        +/- 4.082e-05    (0.05618%)
B               = -0.040099        +/- 2.867e-05    (0.07151%)

correlation matrix of the fit parameters:
                A      B      
A               1.000 
B              -0.997  1.000 


*******************************************************************************
Mon Jul 03 01:58:10 2023


FIT:    data read from input skip 6 using 21 : (sqrt($22))
        format = x:z
        x range restricted to [0.600000 : 0.800000]
        #datapoints = 20000
        residuals are weighted equally (unit weight)

function used for fitting: f(x)
	f(x) = A * x + B
fitted parameters initialized with current variable values

iter      chisq       delta/lim  lambda   A             B            
   0 2.2353870009e-02   0.00e+00  4.59e-02    7.266857e-02  -4.009903e-02
   3 2.8110631364e-03  -7.82e-08  4.59e-05    6.942812e-02  -3.880134e-02

After 3 iterations the fit converged.
final sum of squares of residuals : 0.00281106
rel. change during last iteration : -7.82182e-13

degrees of freedom    (FIT_NDF)                        : 19998
rms of residuals      (FIT_STDFIT) = sqrt(WSSR/ndf)    : 0.000374923
variance of residuals (reduced chisquare) = WSSR/ndf   : 1.40567e-07

Final set of parameters            Asymptotic Standard Error
=======================            ==========================
A               = 0.0694281        +/- 4.592e-05    (0.06614%)
B               = -0.0388013       +/- 3.225e-05    (0.08312%)

correlation matrix of the fit parameters:
                A      B      
A               1.000 
B              -0.997  1.000 


*******************************************************************************
Mon Jul 03 02:29:03 2023


FIT:    data read from input skip 6 using 1  : (sqrt($2 ))
        format = x:z
        x range restricted to [0.600000 : 0.800000]
        #datapoints = 20000
        residuals are weighted equally (unit weight)

function used for fitting: f(x)
	f(x) = A * x + B
fitted parameters initialized with current variable values

iter      chisq       delta/lim  lambda   A             B            
   0 1.1987405053e+01   0.00e+00  7.09e-04    1.000000e-04  -1.000000e-03
   4 6.0979013420e-06  -4.89e-04  7.09e-08    8.645374e-02  -3.747904e-02

After 4 iterations the fit converged.
final sum of squares of residuals : 6.0979e-06
rel. change during last iteration : -4.88856e-09

degrees of freedom    (FIT_NDF)                        : 19998
rms of residuals      (FIT_STDFIT) = sqrt(WSSR/ndf)    : 1.74621e-05
variance of residuals (reduced chisquare) = WSSR/ndf   : 3.04926e-10

Final set of parameters            Asymptotic Standard Error
=======================            ==========================
A               = 0.0864537        +/- 2.139e-06    (0.002474%)
B               = -0.037479        +/- 1.502e-06    (0.004008%)

correlation matrix of the fit parameters:
                A      B      
A               1.000 
B              -0.997  1.000 


*******************************************************************************
Mon Jul 03 02:29:05 2023


FIT:    data read from input skip 6 using 3  : (sqrt($4 ))
        format = x:z
        x range restricted to [0.600000 : 0.800000]
        #datapoints = 20000
        residuals are weighted equally (unit weight)

function used for fitting: f(x)
	f(x) = A * x + B
fitted parameters initialized with current variable values

iter      chisq       delta/lim  lambda   A             B            
   0 5.7474690303e-02   0.00e+00  5.05e-02    8.645374e-02  -3.747904e-02
   3 1.2255589978e-05  -1.54e-05  5.05e-05    8.628664e-02  -3.905707e-02

After 3 iterations the fit converged.
final sum of squares of residuals : 1.22556e-05
rel. change during last iteration : -1.53707e-10

degrees of freedom    (FIT_NDF)                        : 19998
rms of residuals      (FIT_STDFIT) = sqrt(WSSR/ndf)    : 2.47556e-05
variance of residuals (reduced chisquare) = WSSR/ndf   : 6.12841e-10

Final set of parameters            Asymptotic Standard Error
=======================            ==========================
A               = 0.0862866        +/- 3.032e-06    (0.003514%)
B               = -0.0390571       +/- 2.13e-06     (0.005452%)

correlation matrix of the fit parameters:
                A      B      
A               1.000 
B              -0.997  1.000 


*******************************************************************************
Mon Jul 03 02:29:41 2023


FIT:    data read from input skip 6 using 1  : (sqrt($2 ))
        format = x:z
        x range restricted to [0.600000 : 0.800000]
        #datapoints = 20000
        residuals are weighted equally (unit weight)

function used for fitting: f(x)
	f(x) = A * x + B
fitted parameters initialized with current variable values

iter      chisq       delta/lim  lambda   A             B            
   0 1.1987405053e+01   0.00e+00  7.09e-04    1.000000e-04  -1.000000e-03
   4 6.0979013420e-06  -4.89e-04  7.09e-08    8.645374e-02  -3.747904e-02

After 4 iterations the fit converged.
final sum of squares of residuals : 6.0979e-06
rel. change during last iteration : -4.88856e-09

degrees of freedom    (FIT_NDF)                        : 19998
rms of residuals      (FIT_STDFIT) = sqrt(WSSR/ndf)    : 1.74621e-05
variance of residuals (reduced chisquare) = WSSR/ndf   : 3.04926e-10

Final set of parameters            Asymptotic Standard Error
=======================            ==========================
A               = 0.0864537        +/- 2.139e-06    (0.002474%)
B               = -0.037479        +/- 1.502e-06    (0.004008%)

correlation matrix of the fit parameters:
                A      B      
A               1.000 
B              -0.997  1.000 


*******************************************************************************
Mon Jul 03 02:29:43 2023


FIT:    data read from input skip 6 using 3  : (sqrt($4 ))
        format = x:z
        x range restricted to [0.600000 : 0.800000]
        #datapoints = 20000
        residuals are weighted equally (unit weight)

function used for fitting: f(x)
	f(x) = A * x + B
fitted parameters initialized with current variable values

iter      chisq       delta/lim  lambda   A             B            
   0 5.7474690303e-02   0.00e+00  5.05e-02    8.645374e-02  -3.747904e-02
   3 1.2255589978e-05  -1.54e-05  5.05e-05    8.628664e-02  -3.905707e-02

After 3 iterations the fit converged.
final sum of squares of residuals : 1.22556e-05
rel. change during last iteration : -1.53707e-10

degrees of freedom    (FIT_NDF)                        : 19998
rms of residuals      (FIT_STDFIT) = sqrt(WSSR/ndf)    : 2.47556e-05
variance of residuals (reduced chisquare) = WSSR/ndf   : 6.12841e-10

Final set of parameters            Asymptotic Standard Error
=======================            ==========================
A               = 0.0862866        +/- 3.032e-06    (0.003514%)
B               = -0.0390571       +/- 2.13e-06     (0.005452%)

correlation matrix of the fit parameters:
                A      B      
A               1.000 
B              -0.997  1.000 


*******************************************************************************
Mon Jul 03 02:31:15 2023


FIT:    data read from input skip 6 using 1  : (sqrt($2 ))
        format = x:z
        x range restricted to [0.600000 : 0.800000]
        #datapoints = 20000
        residuals are weighted equally (unit weight)

function used for fitting: f(x)
	f(x) = A * x + B
fitted parameters initialized with current variable values

iter      chisq       delta/lim  lambda   A             B            
   0 1.1987405053e+01   0.00e+00  7.09e-04    1.000000e-04  -1.000000e-03
   4 6.0979013420e-06  -4.89e-04  7.09e-08    8.645374e-02  -3.747904e-02

After 4 iterations the fit converged.
final sum of squares of residuals : 6.0979e-06
rel. change during last iteration : -4.88856e-09

degrees of freedom    (FIT_NDF)                        : 19998
rms of residuals      (FIT_STDFIT) = sqrt(WSSR/ndf)    : 1.74621e-05
variance of residuals (reduced chisquare) = WSSR/ndf   : 3.04926e-10

Final set of parameters            Asymptotic Standard Error
=======================            ==========================
A               = 0.0864537        +/- 2.139e-06    (0.002474%)
B               = -0.037479        +/- 1.502e-06    (0.004008%)

correlation matrix of the fit parameters:
                A      B      
A               1.000 
B              -0.997  1.000 


*******************************************************************************
Mon Jul 03 02:31:17 2023


FIT:    data read from input skip 6 using 3  : (sqrt($4 ))
        format = x:z
        x range restricted to [0.600000 : 0.800000]
        #datapoints = 20000
        residuals are weighted equally (unit weight)

function used for fitting: f(x)
	f(x) = A * x + B
fitted parameters initialized with current variable values

iter      chisq       delta/lim  lambda   C             D            
   0 5.7474690303e-02   0.00e+00  0.00e+00    1.000000e-04  -1.000000e-03
BREAK: Singular matrix in Givens()

*******************************************************************************
Mon Jul 03 02:31:25 2023


FIT:    data read from input skip 6 using 1  : (sqrt($2 ))
        format = x:z
        x range restricted to [0.600000 : 0.800000]
        #datapoints = 20000
        residuals are weighted equally (unit weight)

function used for fitting: f(x)
	f(x) = A * x + B
fitted parameters initialized with current variable values

iter      chisq       delta/lim  lambda   A             B            
   0 1.1987405053e+01   0.00e+00  7.09e-04    1.000000e-04  -1.000000e-03
   4 6.0979013420e-06  -4.89e-04  7.09e-08    8.645374e-02  -3.747904e-02

After 4 iterations the fit converged.
final sum of squares of residuals : 6.0979e-06
rel. change during last iteration : -4.88856e-09

degrees of freedom    (FIT_NDF)                        : 19998
rms of residuals      (FIT_STDFIT) = sqrt(WSSR/ndf)    : 1.74621e-05
variance of residuals (reduced chisquare) = WSSR/ndf   : 3.04926e-10

Final set of parameters            Asymptotic Standard Error
=======================            ==========================
A               = 0.0864537        +/- 2.139e-06    (0.002474%)
B               = -0.037479        +/- 1.502e-06    (0.004008%)

correlation matrix of the fit parameters:
                A      B      
A               1.000 
B              -0.997  1.000 


*******************************************************************************
Mon Jul 03 02:31:27 2023


FIT:    data read from input skip 6 using 3  : (sqrt($4 ))
        format = x:z
        x range restricted to [0.600000 : 0.800000]
        #datapoints = 20000
        residuals are weighted equally (unit weight)

function used for fitting: f(x)
	f(x) = A * x + B
fitted parameters initialized with current variable values

iter      chisq       delta/lim  lambda   C             D            
   0 5.7474690303e-02   0.00e+00  0.00e+00    1.000000e-04  -1.000000e-03
BREAK: Singular matrix in Givens()

*******************************************************************************
Mon Jul 03 02:31:53 2023


FIT:    data read from input skip 6 using 1  : (sqrt($2 ))
        format = x:z
        x range restricted to [0.600000 : 0.800000]
        #datapoints = 20000
        residuals are weighted equally (unit weight)

function used for fitting: f(x)
	f(x) = A * x + B
fitted parameters initialized with current variable values

iter      chisq       delta/lim  lambda   A             B            
   0 1.1987405053e+01   0.00e+00  7.09e-04    1.000000e-04  -1.000000e-03
   4 6.0979013420e-06  -4.89e-04  7.09e-08    8.645374e-02  -3.747904e-02

After 4 iterations the fit converged.
final sum of squares of residuals : 6.0979e-06
rel. change during last iteration : -4.88856e-09

degrees of freedom    (FIT_NDF)                        : 19998
rms of residuals      (FIT_STDFIT) = sqrt(WSSR/ndf)    : 1.74621e-05
variance of residuals (reduced chisquare) = WSSR/ndf   : 3.04926e-10

Final set of parameters            Asymptotic Standard Error
=======================            ==========================
A               = 0.0864537        +/- 2.139e-06    (0.002474%)
B               = -0.037479        +/- 1.502e-06    (0.004008%)

correlation matrix of the fit parameters:
                A      B      
A               1.000 
B              -0.997  1.000 


*******************************************************************************
Mon Jul 03 02:31:55 2023


FIT:    data read from input skip 6 using 3  : (sqrt($4 ))
        format = x:z
        x range restricted to [0.600000 : 0.800000]
        #datapoints = 20000
        residuals are weighted equally (unit weight)

function used for fitting: g(x)
	g(x) = C * x + D
fitted parameters initialized with current variable values

iter      chisq       delta/lim  lambda   C             D            
   0 1.0417849853e+01   0.00e+00  7.09e-04    1.000000e-04  -1.000000e-03
   4 1.2255589978e-05  -2.42e-04  7.09e-08    8.628664e-02  -3.905707e-02

After 4 iterations the fit converged.
final sum of squares of residuals : 1.22556e-05
rel. change during last iteration : -2.4236e-09

degrees of freedom    (FIT_NDF)                        : 19998
rms of residuals      (FIT_STDFIT) = sqrt(WSSR/ndf)    : 2.47556e-05
variance of residuals (reduced chisquare) = WSSR/ndf   : 6.12841e-10

Final set of parameters            Asymptotic Standard Error
=======================            ==========================
C               = 0.0862866        +/- 3.032e-06    (0.003514%)
D               = -0.0390571       +/- 2.13e-06     (0.005452%)

correlation matrix of the fit parameters:
                C      D      
C               1.000 
D              -0.997  1.000 


*******************************************************************************
Mon Jul 03 02:32:47 2023


FIT:    data read from input skip 6 using 1  : (sqrt($2 ))
        format = x:z
        x range restricted to [0.600000 : 0.800000]
        #datapoints = 20000
        residuals are weighted equally (unit weight)

function used for fitting: f(x)
	f(x) = A * x + B
fitted parameters initialized with current variable values

iter      chisq       delta/lim  lambda   A             B            
   0 1.1987405053e+01   0.00e+00  7.09e-04    1.000000e-04  -1.000000e-03
   4 6.0979013420e-06  -4.89e-04  7.09e-08    8.645374e-02  -3.747904e-02

After 4 iterations the fit converged.
final sum of squares of residuals : 6.0979e-06
rel. change during last iteration : -4.88856e-09

degrees of freedom    (FIT_NDF)                        : 19998
rms of residuals      (FIT_STDFIT) = sqrt(WSSR/ndf)    : 1.74621e-05
variance of residuals (reduced chisquare) = WSSR/ndf   : 3.04926e-10

Final set of parameters            Asymptotic Standard Error
=======================            ==========================
A               = 0.0864537        +/- 2.139e-06    (0.002474%)
B               = -0.037479        +/- 1.502e-06    (0.004008%)

correlation matrix of the fit parameters:
                A      B      
A               1.000 
B              -0.997  1.000 


*******************************************************************************
Mon Jul 03 02:32:48 2023


FIT:    data read from input skip 6 using 3  : (sqrt($4 ))
        format = x:z
        x range restricted to [0.600000 : 0.800000]
        #datapoints = 20000
        residuals are weighted equally (unit weight)

function used for fitting: g(x)
	g(x) = C * x + D
fitted parameters initialized with current variable values

iter      chisq       delta/lim  lambda   C             D            
   0 1.0417849853e+01   0.00e+00  7.09e-04    1.000000e-04  -1.000000e-03
   4 1.2255589978e-05  -2.42e-04  7.09e-08    8.628664e-02  -3.905707e-02

After 4 iterations the fit converged.
final sum of squares of residuals : 1.22556e-05
rel. change during last iteration : -2.4236e-09

degrees of freedom    (FIT_NDF)                        : 19998
rms of residuals      (FIT_STDFIT) = sqrt(WSSR/ndf)    : 2.47556e-05
variance of residuals (reduced chisquare) = WSSR/ndf   : 6.12841e-10

Final set of parameters            Asymptotic Standard Error
=======================            ==========================
C               = 0.0862866        +/- 3.032e-06    (0.003514%)
D               = -0.0390571       +/- 2.13e-06     (0.005452%)

correlation matrix of the fit parameters:
                C      D      
C               1.000 
D              -0.997  1.000 


*******************************************************************************
Mon Jul 03 02:33:12 2023


FIT:    data read from input skip 6 using 1  : (sqrt($2 ))
        format = x:z
        x range restricted to [0.600000 : 0.800000]
        #datapoints = 20000
        residuals are weighted equally (unit weight)

function used for fitting: f(x)
	f(x) = A * x + B
fitted parameters initialized with current variable values

iter      chisq       delta/lim  lambda   A             B            
   0 1.1987405053e+01   0.00e+00  7.09e-04    1.000000e-04  -1.000000e-03
   4 6.0979013420e-06  -4.89e-04  7.09e-08    8.645374e-02  -3.747904e-02

After 4 iterations the fit converged.
final sum of squares of residuals : 6.0979e-06
rel. change during last iteration : -4.88856e-09

degrees of freedom    (FIT_NDF)                        : 19998
rms of residuals      (FIT_STDFIT) = sqrt(WSSR/ndf)    : 1.74621e-05
variance of residuals (reduced chisquare) = WSSR/ndf   : 3.04926e-10

Final set of parameters            Asymptotic Standard Error
=======================            ==========================
A               = 0.0864537        +/- 2.139e-06    (0.002474%)
B               = -0.037479        +/- 1.502e-06    (0.004008%)

correlation matrix of the fit parameters:
                A      B      
A               1.000 
B              -0.997  1.000 


*******************************************************************************
Mon Jul 03 02:33:14 2023


FIT:    data read from input skip 6 using 3  : (sqrt($4 ))
        format = x:z
        x range restricted to [0.600000 : 0.800000]
        #datapoints = 20000
        residuals are weighted equally (unit weight)

function used for fitting: g(x)
	g(x) = C * x + D
fitted parameters initialized with current variable values

iter      chisq       delta/lim  lambda   C             D            
   0 1.0417849853e+01   0.00e+00  7.09e-04    1.000000e-04  -1.000000e-03
   4 1.2255589978e-05  -2.42e-04  7.09e-08    8.628664e-02  -3.905707e-02

After 4 iterations the fit converged.
final sum of squares of residuals : 1.22556e-05
rel. change during last iteration : -2.4236e-09

degrees of freedom    (FIT_NDF)                        : 19998
rms of residuals      (FIT_STDFIT) = sqrt(WSSR/ndf)    : 2.47556e-05
variance of residuals (reduced chisquare) = WSSR/ndf   : 6.12841e-10

Final set of parameters            Asymptotic Standard Error
=======================            ==========================
C               = 0.0862866        +/- 3.032e-06    (0.003514%)
D               = -0.0390571       +/- 2.13e-06     (0.005452%)

correlation matrix of the fit parameters:
                C      D      
C               1.000 
D              -0.997  1.000 


*******************************************************************************
Mon Jul 03 02:34:47 2023


FIT:    data read from input skip 6 using 1  : (sqrt($2 ))
        format = x:z
        x range restricted to [0.600000 : 0.800000]
        #datapoints = 20000
        residuals are weighted equally (unit weight)

function used for fitting: f(x)
	f(x) = A * x + B
fitted parameters initialized with current variable values

iter      chisq       delta/lim  lambda   A             B            
   0 1.1987405053e+01   0.00e+00  7.09e-04    1.000000e-04  -1.000000e-03
   4 6.0979013420e-06  -4.89e-04  7.09e-08    8.645374e-02  -3.747904e-02

After 4 iterations the fit converged.
final sum of squares of residuals : 6.0979e-06
rel. change during last iteration : -4.88856e-09

degrees of freedom    (FIT_NDF)                        : 19998
rms of residuals      (FIT_STDFIT) = sqrt(WSSR/ndf)    : 1.74621e-05
variance of residuals (reduced chisquare) = WSSR/ndf   : 3.04926e-10

Final set of parameters            Asymptotic Standard Error
=======================            ==========================
A               = 0.0864537        +/- 2.139e-06    (0.002474%)
B               = -0.037479        +/- 1.502e-06    (0.004008%)

correlation matrix of the fit parameters:
                A      B      
A               1.000 
B              -0.997  1.000 


*******************************************************************************
Mon Jul 03 02:34:49 2023


FIT:    data read from input skip 6 using 3  : (sqrt($4 ))
        format = x:z
        x range restricted to [0.600000 : 0.800000]
        #datapoints = 20000
        residuals are weighted equally (unit weight)

function used for fitting: g(x)
	g(x) = C * x + D
fitted parameters initialized with current variable values

iter      chisq       delta/lim  lambda   C             D            
   0 1.0417849853e+01   0.00e+00  7.09e-04    1.000000e-04  -1.000000e-03
   4 1.2255589978e-05  -2.42e-04  7.09e-08    8.628664e-02  -3.905707e-02

After 4 iterations the fit converged.
final sum of squares of residuals : 1.22556e-05
rel. change during last iteration : -2.4236e-09

degrees of freedom    (FIT_NDF)                        : 19998
rms of residuals      (FIT_STDFIT) = sqrt(WSSR/ndf)    : 2.47556e-05
variance of residuals (reduced chisquare) = WSSR/ndf   : 6.12841e-10

Final set of parameters            Asymptotic Standard Error
=======================            ==========================
C               = 0.0862866        +/- 3.032e-06    (0.003514%)
D               = -0.0390571       +/- 2.13e-06     (0.005452%)

correlation matrix of the fit parameters:
                C      D      
C               1.000 
D              -0.997  1.000 


*******************************************************************************
Mon Jul 03 02:35:07 2023


FIT:    data read from input skip 6 using 1  : (sqrt($2 ))
        format = x:z
        x range restricted to [0.600000 : 0.800000]
        #datapoints = 20000
        residuals are weighted equally (unit weight)

function used for fitting: f(x)
	f(x) = A * x + B
fitted parameters initialized with current variable values

iter      chisq       delta/lim  lambda   A             B            
   0 1.1987405053e+01   0.00e+00  7.09e-04    1.000000e-04  -1.000000e-03
   4 6.0979013420e-06  -4.89e-04  7.09e-08    8.645374e-02  -3.747904e-02

After 4 iterations the fit converged.
final sum of squares of residuals : 6.0979e-06
rel. change during last iteration : -4.88856e-09

degrees of freedom    (FIT_NDF)                        : 19998
rms of residuals      (FIT_STDFIT) = sqrt(WSSR/ndf)    : 1.74621e-05
variance of residuals (reduced chisquare) = WSSR/ndf   : 3.04926e-10

Final set of parameters            Asymptotic Standard Error
=======================            ==========================
A               = 0.0864537        +/- 2.139e-06    (0.002474%)
B               = -0.037479        +/- 1.502e-06    (0.004008%)

correlation matrix of the fit parameters:
                A      B      
A               1.000 
B              -0.997  1.000 


*******************************************************************************
Mon Jul 03 02:35:17 2023


FIT:    data read from input skip 6 using 3  : (sqrt($4 ))
        format = x:z
        x range restricted to [0.600000 : 0.800000]
        #datapoints = 20000
        residuals are weighted equally (unit weight)

function used for fitting: g(x)
	g(x) = C * x + D
fitted parameters initialized with current variable values

iter      chisq       delta/lim  lambda   C             D            
   0 1.0417849853e+01   0.00e+00  7.09e-04    1.000000e-04  -1.000000e-03
   4 1.2255589978e-05  -2.42e-04  7.09e-08    8.628664e-02  -3.905707e-02

After 4 iterations the fit converged.
final sum of squares of residuals : 1.22556e-05
rel. change during last iteration : -2.4236e-09

degrees of freedom    (FIT_NDF)                        : 19998
rms of residuals      (FIT_STDFIT) = sqrt(WSSR/ndf)    : 2.47556e-05
variance of residuals (reduced chisquare) = WSSR/ndf   : 6.12841e-10

Final set of parameters            Asymptotic Standard Error
=======================            ==========================
C               = 0.0862866        +/- 3.032e-06    (0.003514%)
D               = -0.0390571       +/- 2.13e-06     (0.005452%)

correlation matrix of the fit parameters:
                C      D      
C               1.000 
D              -0.997  1.000 
