

*******************************************************************************
Wed Jul 19 13:37:14 2023


FIT:    data read from input skip 6 using 1 : (sqrt($2 ) * y_scale)
        format = x:z
        x range restricted to [0.780000 : 0.800000]
        #datapoints = 200
        residuals are weighted equally (unit weight)

function used for fitting: f1(x)
	f1(x) = A * x + B
fitted parameters initialized with current variable values

iter      chisq       delta/lim  lambda   A             B            
   0 1.0264843431e+03   0.00e+00  9.01e-01    1.000000e+00   1.000000e+00
   5 5.1442751085e-07  -6.77e-01  9.01e-06    1.111455e+01  -4.726270e+00

After 5 iterations the fit converged.
final sum of squares of residuals : 5.14428e-07
rel. change during last iteration : -6.77373e-06

degrees of freedom    (FIT_NDF)                        : 198
rms of residuals      (FIT_STDFIT) = sqrt(WSSR/ndf)    : 5.09717e-05
variance of residuals (reduced chisquare) = WSSR/ndf   : 2.59812e-09

Final set of parameters            Asymptotic Standard Error
=======================            ==========================
A               = 11.1146          +/- 0.0006243    (0.005617%)
B               = -4.72627         +/- 0.0004932    (0.01044%)

correlation matrix of the fit parameters:
                A      B      
A               1.000 
B              -1.000  1.000 
